<?xml version="1.0" encoding="UTF-8"?>
<robot generator="Robot 3.2.2 (Python 3.8.5 on win32)" generated="20200920 15:53:22.862" rpa="false">
<suite id="s1" name="Tests" source="C:\qaninja\ze-palheta\tests">
<suite id="s1-s1" name="Login" source="C:\qaninja\ze-palheta\tests\login.robot">
<test id="s1-s1-t1" name="Senha incorreta">
<kw name="Acesso a página Login" library="kws">
<kw name="Open Browser" library="SeleniumLibrary">
<doc>Opens a new browser instance to the optional ``url``.</doc>
<arguments>
<arg>http://zepalheta-web:3000/</arg>
<arg>chrome</arg>
</arguments>
<msg timestamp="20200920 15:53:23.096" level="INFO">Opening browser 'chrome' to base url 'http://zepalheta-web:3000/'.</msg>
<status status="PASS" starttime="20200920 15:53:23.096" endtime="20200920 15:53:27.240"></status>
</kw>
<status status="PASS" starttime="20200920 15:53:23.096" endtime="20200920 15:53:27.240"></status>
</kw>
<kw name="Submeto minhas credenciais" library="kws">
<arguments>
<arg>admin@zepalheta.com.br</arg>
<arg>abc123</arg>
</arguments>
<kw name="Input Text" library="SeleniumLibrary">
<doc>Types the given ``text`` into the text field identified by ``locator``.</doc>
<arguments>
<arg>id:txtEmail</arg>
<arg>${email}</arg>
</arguments>
<msg timestamp="20200920 15:53:27.243" level="INFO">Typing text 'admin@zepalheta.com.br' into text field 'id:txtEmail'.</msg>
<status status="PASS" starttime="20200920 15:53:27.242" endtime="20200920 15:53:27.725"></status>
</kw>
<kw name="Input Text" library="SeleniumLibrary">
<doc>Types the given ``text`` into the text field identified by ``locator``.</doc>
<arguments>
<arg>css:input[placeholder=Senha]</arg>
<arg>${password}</arg>
</arguments>
<msg timestamp="20200920 15:53:27.725" level="INFO">Typing text 'abc123' into text field 'css:input[placeholder=Senha]'.</msg>
<status status="PASS" starttime="20200920 15:53:27.725" endtime="20200920 15:53:27.809"></status>
</kw>
<kw name="Click Element" library="SeleniumLibrary">
<doc>Click the element identified by ``locator``.</doc>
<arguments>
<arg>//button[text()='Entrar']</arg>
</arguments>
<msg timestamp="20200920 15:53:27.809" level="INFO">Clicking element '//button[text()='Entrar']'.</msg>
<status status="PASS" starttime="20200920 15:53:27.809" endtime="20200920 15:53:27.859"></status>
</kw>
<status status="PASS" starttime="20200920 15:53:27.241" endtime="20200920 15:53:27.859"></status>
</kw>
<kw name="Devo ver um toaster com a mensagem" library="kws">
<arguments>
<arg>Ocorreu um erro ao fazer login, cheque as credenciais.</arg>
</arguments>
<kw name="Wait Until Element Contains" library="SeleniumLibrary">
<doc>Waits until the element ``locator`` contains ``text``.</doc>
<arguments>
<arg>xpath://*[@id="root"]/div[2]/div/div/p</arg>
<arg>${expect_message}</arg>
</arguments>
<status status="PASS" starttime="20200920 15:53:27.861" endtime="20200920 15:53:28.095"></status>
</kw>
<kw name="Close Browser" library="SeleniumLibrary">
<doc>Closes the current browser.</doc>
<status status="PASS" starttime="20200920 15:53:28.095" endtime="20200920 15:53:30.266"></status>
</kw>
<status status="PASS" starttime="20200920 15:53:27.860" endtime="20200920 15:53:30.266"></status>
</kw>
<tags>
<tag>inv_pass</tag>
</tags>
<status status="PASS" starttime="20200920 15:53:23.095" endtime="20200920 15:53:30.267" critical="yes"></status>
</test>
<doc>Login</doc>
<status status="PASS" starttime="20200920 15:53:22.890" endtime="20200920 15:53:30.269"></status>
</suite>
<status status="PASS" starttime="20200920 15:53:22.864" endtime="20200920 15:53:30.273"></status>
</suite>
<statistics>
<total>
<stat pass="1" fail="0">Critical Tests</stat>
<stat pass="1" fail="0">All Tests</stat>
</total>
<tag>
<stat pass="1" fail="0">inv_pass</stat>
</tag>
<suite>
<stat pass="1" fail="0" id="s1" name="Tests">Tests</stat>
<stat pass="1" fail="0" id="s1-s1" name="Login">Tests.Login</stat>
</suite>
</statistics>
<errors>
</errors>
</robot>
