<?xml version="1.0" encoding="UTF-8"?>
<robot generator="Robot 3.2.2 (Python 3.8.5 on win32)" generated="20200920 12:22:45.919" rpa="false">
<suite id="s1" name="Tests" source="C:\qaninja\ze-palheta\tests">
<suite id="s1-s1" name="Login" source="C:\qaninja\ze-palheta\tests\login.robot">
<test id="s1-s1-t1" name="Senha incorreta">
<kw name="Acesso a página Login" library="kws">
<kw name="Open Browser" library="SeleniumLibrary">
<doc>Opens a new browser instance to the optional ``url``.</doc>
<arguments>
<arg>http://zepalheta-web:3000/</arg>
<arg>chrome</arg>
</arguments>
<msg timestamp="20200920 12:22:46.176" level="INFO">Opening browser 'chrome' to base url 'http://zepalheta-web:3000/'.</msg>
<status status="PASS" starttime="20200920 12:22:46.176" endtime="20200920 12:22:50.816"></status>
</kw>
<kw name="Maximize Browser Window" library="SeleniumLibrary">
<doc>Maximizes current browser window.</doc>
<status status="PASS" starttime="20200920 12:22:50.816" endtime="20200920 12:22:52.939"></status>
</kw>
<status status="PASS" starttime="20200920 12:22:46.176" endtime="20200920 12:22:52.939"></status>
</kw>
<kw name="Submeto minhas credenciais" library="kws">
<arguments>
<arg>admin@zepalheta.com.br</arg>
<arg>abc123</arg>
</arguments>
<kw name="Input Text" library="SeleniumLibrary">
<doc>Types the given ``text`` into the text field identified by ``locator``.</doc>
<arguments>
<arg>id:txtEmail</arg>
<arg>${email}</arg>
</arguments>
<msg timestamp="20200920 12:22:52.940" level="INFO">Typing text 'admin@zepalheta.com.br' into text field 'id:txtEmail'.</msg>
<status status="PASS" starttime="20200920 12:22:52.940" endtime="20200920 12:22:53.052"></status>
</kw>
<kw name="Input Text" library="SeleniumLibrary">
<doc>Types the given ``text`` into the text field identified by ``locator``.</doc>
<arguments>
<arg>css:input[placeholder=Senha]</arg>
<arg>${password}</arg>
</arguments>
<msg timestamp="20200920 12:22:53.053" level="INFO">Typing text 'abc123' into text field 'css:input[placeholder=Senha]'.</msg>
<status status="PASS" starttime="20200920 12:22:53.053" endtime="20200920 12:22:53.147"></status>
</kw>
<kw name="Click Element" library="SeleniumLibrary">
<doc>Click the element identified by ``locator``.</doc>
<arguments>
<arg>//button[text()='Entrar']</arg>
</arguments>
<msg timestamp="20200920 12:22:53.147" level="INFO">Clicking element '//button[text()='Entrar']'.</msg>
<status status="PASS" starttime="20200920 12:22:53.147" endtime="20200920 12:22:53.199"></status>
</kw>
<status status="PASS" starttime="20200920 12:22:52.940" endtime="20200920 12:22:53.199"></status>
</kw>
<kw name="Devo ver um toaster com a mensagem" library="kws">
<arguments>
<arg>Ocorreu um erro ao fazer login, cheque as credenciais.</arg>
</arguments>
<kw name="Wait Until Element Contains" library="SeleniumLibrary">
<doc>Waits until the element ``locator`` contains ``text``.</doc>
<arguments>
<arg>ccs:div[type=error] p</arg>
<arg>${expect_message}</arg>
</arguments>
<kw name="Capture Page Screenshot" library="SeleniumLibrary">
<doc>Takes a screenshot of the current page and embeds it into a log file.</doc>
<msg timestamp="20200920 12:22:59.469" level="INFO" html="yes">&lt;/td&gt;&lt;/tr&gt;&lt;tr&gt;&lt;td colspan="3"&gt;&lt;a href="selenium-screenshot-8.png"&gt;&lt;img src="selenium-screenshot-8.png" width="800px"&gt;&lt;/a&gt;</msg>
<status status="PASS" starttime="20200920 12:22:58.386" endtime="20200920 12:22:59.469"></status>
</kw>
<msg timestamp="20200920 12:22:59.471" level="FAIL">Element with locator 'ccs:div[type=error] p' not found.</msg>
<status status="FAIL" starttime="20200920 12:22:53.200" endtime="20200920 12:22:59.471"></status>
</kw>
<status status="FAIL" starttime="20200920 12:22:53.200" endtime="20200920 12:22:59.471"></status>
</kw>
<tags>
<tag>inv_pass</tag>
</tags>
<status status="FAIL" starttime="20200920 12:22:46.175" endtime="20200920 12:22:59.472" critical="yes">Element with locator 'ccs:div[type=error] p' not found.</status>
</test>
<doc>Login</doc>
<status status="FAIL" starttime="20200920 12:22:45.951" endtime="20200920 12:22:59.474"></status>
</suite>
<status status="FAIL" starttime="20200920 12:22:45.921" endtime="20200920 12:22:59.476"></status>
</suite>
<statistics>
<total>
<stat pass="0" fail="1">Critical Tests</stat>
<stat pass="0" fail="1">All Tests</stat>
</total>
<tag>
<stat pass="0" fail="1">inv_pass</stat>
</tag>
<suite>
<stat pass="0" fail="1" id="s1" name="Tests">Tests</stat>
<stat pass="0" fail="1" id="s1-s1" name="Login">Tests.Login</stat>
</suite>
</statistics>
<errors>
</errors>
</robot>
