<?xml version="1.0" encoding="UTF-8"?>
<robot generator="Robot 3.2.2 (Python 3.8.5 on win32)" generated="20200927 12:59:04.951" rpa="false">
<suite id="s1" name="Tests" source="C:\qaninja\ze-palheta\tests">
<suite id="s1-s1" name="Login" source="C:\qaninja\ze-palheta\tests\login.robot">
<test id="s1-s1-t1" name="Login do Administrador">
<kw name="Start Session" library="hooks" type="setup">
<kw name="Open Browser" library="SeleniumLibrary">
<doc>Opens a new browser instance to the optional ``url``.</doc>
<arguments>
<arg>about:blank</arg>
<arg>chrome</arg>
</arguments>
<msg timestamp="20200927 12:59:05.240" level="INFO">Opening browser 'chrome' to base url 'about:blank'.</msg>
<status status="PASS" starttime="20200927 12:59:05.240" endtime="20200927 12:59:08.601"></status>
</kw>
<kw name="Maximize Browser Window" library="SeleniumLibrary">
<doc>Maximizes current browser window.</doc>
<status status="PASS" starttime="20200927 12:59:08.602" endtime="20200927 12:59:10.721"></status>
</kw>
<status status="PASS" starttime="20200927 12:59:05.240" endtime="20200927 12:59:10.721"></status>
</kw>
<kw name="Acesso a página Login" library="kws">
<kw name="Go To" library="SeleniumLibrary">
<doc>Navigates the current browser window to the provided ``url``.</doc>
<arguments>
<arg>http://zepalheta-web:3000</arg>
</arguments>
<msg timestamp="20200927 12:59:10.722" level="INFO">Opening url 'http://zepalheta-web:3000'</msg>
<status status="PASS" starttime="20200927 12:59:10.722" endtime="20200927 12:59:11.960"></status>
</kw>
<status status="PASS" starttime="20200927 12:59:10.722" endtime="20200927 12:59:11.960"></status>
</kw>
<kw name="Submeto minhas credenciais" library="kws">
<arguments>
<arg>admin@zepalheta.com.br</arg>
<arg>pwd123</arg>
</arguments>
<kw name="Input Text" library="SeleniumLibrary">
<doc>Types the given ``text`` into the text field identified by ``locator``.</doc>
<arguments>
<arg>id:txtEmail</arg>
<arg>${email}</arg>
</arguments>
<msg timestamp="20200927 12:59:11.965" level="INFO">Typing text 'admin@zepalheta.com.br' into text field 'id:txtEmail'.</msg>
<status status="PASS" starttime="20200927 12:59:11.963" endtime="20200927 12:59:12.066"></status>
</kw>
<kw name="Input Text" library="SeleniumLibrary">
<doc>Types the given ``text`` into the text field identified by ``locator``.</doc>
<arguments>
<arg>css:input[placeholder=Senha]</arg>
<arg>${password}</arg>
</arguments>
<msg timestamp="20200927 12:59:12.067" level="INFO">Typing text 'pwd123' into text field 'css:input[placeholder=Senha]'.</msg>
<status status="PASS" starttime="20200927 12:59:12.066" endtime="20200927 12:59:12.156"></status>
</kw>
<kw name="Click Element" library="SeleniumLibrary">
<doc>Click the element identified by ``locator``.</doc>
<arguments>
<arg>//button[text()='Entrar']</arg>
</arguments>
<msg timestamp="20200927 12:59:12.156" level="INFO">Clicking element '//button[text()='Entrar']'.</msg>
<status status="PASS" starttime="20200927 12:59:12.156" endtime="20200927 12:59:12.210"></status>
</kw>
<status status="PASS" starttime="20200927 12:59:11.961" endtime="20200927 12:59:12.210"></status>
</kw>
<kw name="Devo ver a área logada" library="kws">
<kw name="Wait Until Page Contains" library="SeleniumLibrary">
<doc>Waits until ``text`` appears on the current page.</doc>
<arguments>
<arg>Aluguéis</arg>
<arg>5</arg>
</arguments>
<status status="PASS" starttime="20200927 12:59:12.211" endtime="20200927 12:59:12.434"></status>
</kw>
<status status="PASS" starttime="20200927 12:59:12.211" endtime="20200927 12:59:12.435"></status>
</kw>
<kw name="Finish Session" library="hooks" type="teardown">
<kw name="Close Browser" library="SeleniumLibrary">
<doc>Closes the current browser.</doc>
<status status="PASS" starttime="20200927 12:59:12.436" endtime="20200927 12:59:14.612"></status>
</kw>
<status status="PASS" starttime="20200927 12:59:12.436" endtime="20200927 12:59:14.612"></status>
</kw>
<status status="PASS" starttime="20200927 12:59:05.239" endtime="20200927 12:59:14.613" critical="yes"></status>
</test>
<doc>Login</doc>
<status status="PASS" starttime="20200927 12:59:04.982" endtime="20200927 12:59:14.615"></status>
</suite>
<suite id="s1-s2" name="Login Tentativa" source="C:\qaninja\ze-palheta\tests\login_tentativa.robot">
<test id="s1-s2-t1" name="Senha incorreta">
<kw name="Start Session" library="hooks" type="setup">
<kw name="Open Browser" library="SeleniumLibrary">
<doc>Opens a new browser instance to the optional ``url``.</doc>
<arguments>
<arg>about:blank</arg>
<arg>chrome</arg>
</arguments>
<msg timestamp="20200927 12:59:14.627" level="INFO">Opening browser 'chrome' to base url 'about:blank'.</msg>
<status status="PASS" starttime="20200927 12:59:14.626" endtime="20200927 12:59:17.915"></status>
</kw>
<kw name="Maximize Browser Window" library="SeleniumLibrary">
<doc>Maximizes current browser window.</doc>
<status status="PASS" starttime="20200927 12:59:17.915" endtime="20200927 12:59:20.039"></status>
</kw>
<status status="PASS" starttime="20200927 12:59:14.626" endtime="20200927 12:59:20.039"></status>
</kw>
<kw name="Tentativa de login">
<arguments>
<arg>admin@zepalheta.com.br</arg>
<arg>abc123</arg>
<arg>Ocorreu um erro ao fazer login, cheque as credenciais.</arg>
</arguments>
<kw name="Acesso a página Login" library="kws">
<kw name="Go To" library="SeleniumLibrary">
<doc>Navigates the current browser window to the provided ``url``.</doc>
<arguments>
<arg>http://zepalheta-web:3000</arg>
</arguments>
<msg timestamp="20200927 12:59:20.041" level="INFO">Opening url 'http://zepalheta-web:3000'</msg>
<status status="PASS" starttime="20200927 12:59:20.041" endtime="20200927 12:59:20.856"></status>
</kw>
<status status="PASS" starttime="20200927 12:59:20.041" endtime="20200927 12:59:20.856"></status>
</kw>
<kw name="Submeto minhas credenciais" library="kws">
<arguments>
<arg>${input_email}</arg>
<arg>${input_senha}</arg>
</arguments>
<kw name="Input Text" library="SeleniumLibrary">
<doc>Types the given ``text`` into the text field identified by ``locator``.</doc>
<arguments>
<arg>id:txtEmail</arg>
<arg>${email}</arg>
</arguments>
<msg timestamp="20200927 12:59:20.860" level="INFO">Typing text 'admin@zepalheta.com.br' into text field 'id:txtEmail'.</msg>
<status status="PASS" starttime="20200927 12:59:20.859" endtime="20200927 12:59:21.391"></status>
</kw>
<kw name="Input Text" library="SeleniumLibrary">
<doc>Types the given ``text`` into the text field identified by ``locator``.</doc>
<arguments>
<arg>css:input[placeholder=Senha]</arg>
<arg>${password}</arg>
</arguments>
<msg timestamp="20200927 12:59:21.393" level="INFO">Typing text 'abc123' into text field 'css:input[placeholder=Senha]'.</msg>
<status status="PASS" starttime="20200927 12:59:21.392" endtime="20200927 12:59:21.478"></status>
</kw>
<kw name="Click Element" library="SeleniumLibrary">
<doc>Click the element identified by ``locator``.</doc>
<arguments>
<arg>//button[text()='Entrar']</arg>
</arguments>
<msg timestamp="20200927 12:59:21.479" level="INFO">Clicking element '//button[text()='Entrar']'.</msg>
<status status="PASS" starttime="20200927 12:59:21.479" endtime="20200927 12:59:21.532"></status>
</kw>
<status status="PASS" starttime="20200927 12:59:20.857" endtime="20200927 12:59:21.533"></status>
</kw>
<kw name="Devo ver um toaster com a mensagem" library="kws">
<arguments>
<arg>${output_mensagem}</arg>
</arguments>
<kw name="Wait Until Element Contains" library="SeleniumLibrary">
<doc>Waits until the element ``locator`` contains ``text``.</doc>
<arguments>
<arg>xpath://*[@id="root"]/div[2]/div/div/p</arg>
<arg>${expect_message}</arg>
</arguments>
<status status="PASS" starttime="20200927 12:59:21.533" endtime="20200927 12:59:21.768"></status>
</kw>
<status status="PASS" starttime="20200927 12:59:21.533" endtime="20200927 12:59:21.768"></status>
</kw>
<status status="PASS" starttime="20200927 12:59:20.040" endtime="20200927 12:59:21.768"></status>
</kw>
<kw name="Finish Session" library="hooks" type="teardown">
<kw name="Close Browser" library="SeleniumLibrary">
<doc>Closes the current browser.</doc>
<status status="PASS" starttime="20200927 12:59:21.769" endtime="20200927 12:59:23.925"></status>
</kw>
<status status="PASS" starttime="20200927 12:59:21.769" endtime="20200927 12:59:23.925"></status>
</kw>
<status status="PASS" starttime="20200927 12:59:14.625" endtime="20200927 12:59:23.926" critical="yes"></status>
</test>
<test id="s1-s2-t2" name="Senha em branco">
<kw name="Start Session" library="hooks" type="setup">
<kw name="Open Browser" library="SeleniumLibrary">
<doc>Opens a new browser instance to the optional ``url``.</doc>
<arguments>
<arg>about:blank</arg>
<arg>chrome</arg>
</arguments>
<msg timestamp="20200927 12:59:23.933" level="INFO">Opening browser 'chrome' to base url 'about:blank'.</msg>
<status status="PASS" starttime="20200927 12:59:23.933" endtime="20200927 12:59:27.175"></status>
</kw>
<kw name="Maximize Browser Window" library="SeleniumLibrary">
<doc>Maximizes current browser window.</doc>
<status status="PASS" starttime="20200927 12:59:27.175" endtime="20200927 12:59:29.296"></status>
</kw>
<status status="PASS" starttime="20200927 12:59:23.932" endtime="20200927 12:59:29.296"></status>
</kw>
<kw name="Tentativa de login">
<arguments>
<arg>carlos@gmail.com</arg>
<arg>${EMPTY}</arg>
<arg>O campo senha é obrigatório!</arg>
</arguments>
<kw name="Acesso a página Login" library="kws">
<kw name="Go To" library="SeleniumLibrary">
<doc>Navigates the current browser window to the provided ``url``.</doc>
<arguments>
<arg>http://zepalheta-web:3000</arg>
</arguments>
<msg timestamp="20200927 12:59:29.297" level="INFO">Opening url 'http://zepalheta-web:3000'</msg>
<status status="PASS" starttime="20200927 12:59:29.297" endtime="20200927 12:59:30.058"></status>
</kw>
<status status="PASS" starttime="20200927 12:59:29.297" endtime="20200927 12:59:30.059"></status>
</kw>
<kw name="Submeto minhas credenciais" library="kws">
<arguments>
<arg>${input_email}</arg>
<arg>${input_senha}</arg>
</arguments>
<kw name="Input Text" library="SeleniumLibrary">
<doc>Types the given ``text`` into the text field identified by ``locator``.</doc>
<arguments>
<arg>id:txtEmail</arg>
<arg>${email}</arg>
</arguments>
<msg timestamp="20200927 12:59:30.062" level="INFO">Typing text 'carlos@gmail.com' into text field 'id:txtEmail'.</msg>
<status status="PASS" starttime="20200927 12:59:30.062" endtime="20200927 12:59:30.478"></status>
</kw>
<kw name="Input Text" library="SeleniumLibrary">
<doc>Types the given ``text`` into the text field identified by ``locator``.</doc>
<arguments>
<arg>css:input[placeholder=Senha]</arg>
<arg>${password}</arg>
</arguments>
<msg timestamp="20200927 12:59:30.479" level="INFO">Typing text '' into text field 'css:input[placeholder=Senha]'.</msg>
<status status="PASS" starttime="20200927 12:59:30.478" endtime="20200927 12:59:30.555"></status>
</kw>
<kw name="Click Element" library="SeleniumLibrary">
<doc>Click the element identified by ``locator``.</doc>
<arguments>
<arg>//button[text()='Entrar']</arg>
</arguments>
<msg timestamp="20200927 12:59:30.556" level="INFO">Clicking element '//button[text()='Entrar']'.</msg>
<status status="PASS" starttime="20200927 12:59:30.556" endtime="20200927 12:59:30.613"></status>
</kw>
<status status="PASS" starttime="20200927 12:59:30.060" endtime="20200927 12:59:30.613"></status>
</kw>
<kw name="Devo ver um toaster com a mensagem" library="kws">
<arguments>
<arg>${output_mensagem}</arg>
</arguments>
<kw name="Wait Until Element Contains" library="SeleniumLibrary">
<doc>Waits until the element ``locator`` contains ``text``.</doc>
<arguments>
<arg>xpath://*[@id="root"]/div[2]/div/div/p</arg>
<arg>${expect_message}</arg>
</arguments>
<status status="PASS" starttime="20200927 12:59:30.614" endtime="20200927 12:59:30.850"></status>
</kw>
<status status="PASS" starttime="20200927 12:59:30.613" endtime="20200927 12:59:30.851"></status>
</kw>
<status status="PASS" starttime="20200927 12:59:29.297" endtime="20200927 12:59:30.851"></status>
</kw>
<kw name="Finish Session" library="hooks" type="teardown">
<kw name="Close Browser" library="SeleniumLibrary">
<doc>Closes the current browser.</doc>
<status status="PASS" starttime="20200927 12:59:30.852" endtime="20200927 12:59:33.008"></status>
</kw>
<status status="PASS" starttime="20200927 12:59:30.852" endtime="20200927 12:59:33.009"></status>
</kw>
<status status="PASS" starttime="20200927 12:59:23.932" endtime="20200927 12:59:33.009" critical="yes"></status>
</test>
<test id="s1-s2-t3" name="Email em branco">
<kw name="Start Session" library="hooks" type="setup">
<kw name="Open Browser" library="SeleniumLibrary">
<doc>Opens a new browser instance to the optional ``url``.</doc>
<arguments>
<arg>about:blank</arg>
<arg>chrome</arg>
</arguments>
<msg timestamp="20200927 12:59:33.014" level="INFO">Opening browser 'chrome' to base url 'about:blank'.</msg>
<status status="PASS" starttime="20200927 12:59:33.014" endtime="20200927 12:59:36.293"></status>
</kw>
<kw name="Maximize Browser Window" library="SeleniumLibrary">
<doc>Maximizes current browser window.</doc>
<status status="PASS" starttime="20200927 12:59:36.293" endtime="20200927 12:59:38.413"></status>
</kw>
<status status="PASS" starttime="20200927 12:59:33.014" endtime="20200927 12:59:38.413"></status>
</kw>
<kw name="Tentativa de login">
<arguments>
<arg>${EMPTY}</arg>
<arg>123456</arg>
<arg>O campo email é obrigatório!</arg>
</arguments>
<kw name="Acesso a página Login" library="kws">
<kw name="Go To" library="SeleniumLibrary">
<doc>Navigates the current browser window to the provided ``url``.</doc>
<arguments>
<arg>http://zepalheta-web:3000</arg>
</arguments>
<msg timestamp="20200927 12:59:38.416" level="INFO">Opening url 'http://zepalheta-web:3000'</msg>
<status status="PASS" starttime="20200927 12:59:38.415" endtime="20200927 12:59:39.172"></status>
</kw>
<status status="PASS" starttime="20200927 12:59:38.414" endtime="20200927 12:59:39.172"></status>
</kw>
<kw name="Submeto minhas credenciais" library="kws">
<arguments>
<arg>${input_email}</arg>
<arg>${input_senha}</arg>
</arguments>
<kw name="Input Text" library="SeleniumLibrary">
<doc>Types the given ``text`` into the text field identified by ``locator``.</doc>
<arguments>
<arg>id:txtEmail</arg>
<arg>${email}</arg>
</arguments>
<msg timestamp="20200927 12:59:39.174" level="INFO">Typing text '' into text field 'id:txtEmail'.</msg>
<status status="PASS" starttime="20200927 12:59:39.173" endtime="20200927 12:59:39.247"></status>
</kw>
<kw name="Input Text" library="SeleniumLibrary">
<doc>Types the given ``text`` into the text field identified by ``locator``.</doc>
<arguments>
<arg>css:input[placeholder=Senha]</arg>
<arg>${password}</arg>
</arguments>
<msg timestamp="20200927 12:59:39.247" level="INFO">Typing text '123456' into text field 'css:input[placeholder=Senha]'.</msg>
<status status="PASS" starttime="20200927 12:59:39.247" endtime="20200927 12:59:39.599"></status>
</kw>
<kw name="Click Element" library="SeleniumLibrary">
<doc>Click the element identified by ``locator``.</doc>
<arguments>
<arg>//button[text()='Entrar']</arg>
</arguments>
<msg timestamp="20200927 12:59:39.601" level="INFO">Clicking element '//button[text()='Entrar']'.</msg>
<status status="PASS" starttime="20200927 12:59:39.599" endtime="20200927 12:59:39.661"></status>
</kw>
<status status="PASS" starttime="20200927 12:59:39.172" endtime="20200927 12:59:39.661"></status>
</kw>
<kw name="Devo ver um toaster com a mensagem" library="kws">
<arguments>
<arg>${output_mensagem}</arg>
</arguments>
<kw name="Wait Until Element Contains" library="SeleniumLibrary">
<doc>Waits until the element ``locator`` contains ``text``.</doc>
<arguments>
<arg>xpath://*[@id="root"]/div[2]/div/div/p</arg>
<arg>${expect_message}</arg>
</arguments>
<status status="PASS" starttime="20200927 12:59:39.663" endtime="20200927 12:59:39.904"></status>
</kw>
<status status="PASS" starttime="20200927 12:59:39.662" endtime="20200927 12:59:39.905"></status>
</kw>
<status status="PASS" starttime="20200927 12:59:38.414" endtime="20200927 12:59:39.905"></status>
</kw>
<kw name="Finish Session" library="hooks" type="teardown">
<kw name="Close Browser" library="SeleniumLibrary">
<doc>Closes the current browser.</doc>
<status status="PASS" starttime="20200927 12:59:39.906" endtime="20200927 12:59:42.056"></status>
</kw>
<status status="PASS" starttime="20200927 12:59:39.906" endtime="20200927 12:59:42.056"></status>
</kw>
<status status="PASS" starttime="20200927 12:59:33.013" endtime="20200927 12:59:42.056" critical="yes"></status>
</test>
<test id="s1-s2-t4" name="Senha e Email em branco">
<kw name="Start Session" library="hooks" type="setup">
<kw name="Open Browser" library="SeleniumLibrary">
<doc>Opens a new browser instance to the optional ``url``.</doc>
<arguments>
<arg>about:blank</arg>
<arg>chrome</arg>
</arguments>
<msg timestamp="20200927 12:59:42.064" level="INFO">Opening browser 'chrome' to base url 'about:blank'.</msg>
<status status="PASS" starttime="20200927 12:59:42.063" endtime="20200927 12:59:45.337"></status>
</kw>
<kw name="Maximize Browser Window" library="SeleniumLibrary">
<doc>Maximizes current browser window.</doc>
<status status="PASS" starttime="20200927 12:59:45.337" endtime="20200927 12:59:47.457"></status>
</kw>
<status status="PASS" starttime="20200927 12:59:42.063" endtime="20200927 12:59:47.457"></status>
</kw>
<kw name="Tentativa de login">
<arguments>
<arg>${EMPTY}</arg>
<arg>${EMPTY}</arg>
<arg>Os campos email e senha não foram preenchidos!</arg>
</arguments>
<kw name="Acesso a página Login" library="kws">
<kw name="Go To" library="SeleniumLibrary">
<doc>Navigates the current browser window to the provided ``url``.</doc>
<arguments>
<arg>http://zepalheta-web:3000</arg>
</arguments>
<msg timestamp="20200927 12:59:47.459" level="INFO">Opening url 'http://zepalheta-web:3000'</msg>
<status status="PASS" starttime="20200927 12:59:47.459" endtime="20200927 12:59:48.207"></status>
</kw>
<status status="PASS" starttime="20200927 12:59:47.458" endtime="20200927 12:59:48.208"></status>
</kw>
<kw name="Submeto minhas credenciais" library="kws">
<arguments>
<arg>${input_email}</arg>
<arg>${input_senha}</arg>
</arguments>
<kw name="Input Text" library="SeleniumLibrary">
<doc>Types the given ``text`` into the text field identified by ``locator``.</doc>
<arguments>
<arg>id:txtEmail</arg>
<arg>${email}</arg>
</arguments>
<msg timestamp="20200927 12:59:48.209" level="INFO">Typing text '' into text field 'id:txtEmail'.</msg>
<status status="PASS" starttime="20200927 12:59:48.208" endtime="20200927 12:59:48.286"></status>
</kw>
<kw name="Input Text" library="SeleniumLibrary">
<doc>Types the given ``text`` into the text field identified by ``locator``.</doc>
<arguments>
<arg>css:input[placeholder=Senha]</arg>
<arg>${password}</arg>
</arguments>
<msg timestamp="20200927 12:59:48.287" level="INFO">Typing text '' into text field 'css:input[placeholder=Senha]'.</msg>
<status status="PASS" starttime="20200927 12:59:48.286" endtime="20200927 12:59:48.656"></status>
</kw>
<kw name="Click Element" library="SeleniumLibrary">
<doc>Click the element identified by ``locator``.</doc>
<arguments>
<arg>//button[text()='Entrar']</arg>
</arguments>
<msg timestamp="20200927 12:59:48.657" level="INFO">Clicking element '//button[text()='Entrar']'.</msg>
<status status="PASS" starttime="20200927 12:59:48.657" endtime="20200927 12:59:48.726"></status>
</kw>
<status status="PASS" starttime="20200927 12:59:48.208" endtime="20200927 12:59:48.726"></status>
</kw>
<kw name="Devo ver um toaster com a mensagem" library="kws">
<arguments>
<arg>${output_mensagem}</arg>
</arguments>
<kw name="Wait Until Element Contains" library="SeleniumLibrary">
<doc>Waits until the element ``locator`` contains ``text``.</doc>
<arguments>
<arg>xpath://*[@id="root"]/div[2]/div/div/p</arg>
<arg>${expect_message}</arg>
</arguments>
<status status="PASS" starttime="20200927 12:59:48.728" endtime="20200927 12:59:48.967"></status>
</kw>
<status status="PASS" starttime="20200927 12:59:48.726" endtime="20200927 12:59:48.967"></status>
</kw>
<status status="PASS" starttime="20200927 12:59:47.458" endtime="20200927 12:59:48.967"></status>
</kw>
<kw name="Finish Session" library="hooks" type="teardown">
<kw name="Close Browser" library="SeleniumLibrary">
<doc>Closes the current browser.</doc>
<status status="PASS" starttime="20200927 12:59:48.967" endtime="20200927 12:59:51.112"></status>
</kw>
<status status="PASS" starttime="20200927 12:59:48.967" endtime="20200927 12:59:51.112"></status>
</kw>
<status status="PASS" starttime="20200927 12:59:42.062" endtime="20200927 12:59:51.113" critical="yes"></status>
</test>
<test id="s1-s2-t5" name="Login incorreto">
<kw name="Start Session" library="hooks" type="setup">
<kw name="Open Browser" library="SeleniumLibrary">
<doc>Opens a new browser instance to the optional ``url``.</doc>
<arguments>
<arg>about:blank</arg>
<arg>chrome</arg>
</arguments>
<msg timestamp="20200927 12:59:51.119" level="INFO">Opening browser 'chrome' to base url 'about:blank'.</msg>
<status status="PASS" starttime="20200927 12:59:51.119" endtime="20200927 12:59:54.343"></status>
</kw>
<kw name="Maximize Browser Window" library="SeleniumLibrary">
<doc>Maximizes current browser window.</doc>
<status status="PASS" starttime="20200927 12:59:54.343" endtime="20200927 12:59:56.463"></status>
</kw>
<status status="PASS" starttime="20200927 12:59:51.118" endtime="20200927 12:59:56.463"></status>
</kw>
<kw name="Tentativa de login">
<arguments>
<arg>admin&amp;gmail.com</arg>
<arg>bcd123</arg>
<arg>Ocorreu um erro ao fazer login, cheque as credenciais.</arg>
</arguments>
<kw name="Acesso a página Login" library="kws">
<kw name="Go To" library="SeleniumLibrary">
<doc>Navigates the current browser window to the provided ``url``.</doc>
<arguments>
<arg>http://zepalheta-web:3000</arg>
</arguments>
<msg timestamp="20200927 12:59:56.465" level="INFO">Opening url 'http://zepalheta-web:3000'</msg>
<status status="PASS" starttime="20200927 12:59:56.464" endtime="20200927 12:59:57.617"></status>
</kw>
<status status="PASS" starttime="20200927 12:59:56.464" endtime="20200927 12:59:57.617"></status>
</kw>
<kw name="Submeto minhas credenciais" library="kws">
<arguments>
<arg>${input_email}</arg>
<arg>${input_senha}</arg>
</arguments>
<kw name="Input Text" library="SeleniumLibrary">
<doc>Types the given ``text`` into the text field identified by ``locator``.</doc>
<arguments>
<arg>id:txtEmail</arg>
<arg>${email}</arg>
</arguments>
<msg timestamp="20200927 12:59:57.619" level="INFO">Typing text 'admin&amp;gmail.com' into text field 'id:txtEmail'.</msg>
<status status="PASS" starttime="20200927 12:59:57.618" endtime="20200927 12:59:57.706"></status>
</kw>
<kw name="Input Text" library="SeleniumLibrary">
<doc>Types the given ``text`` into the text field identified by ``locator``.</doc>
<arguments>
<arg>css:input[placeholder=Senha]</arg>
<arg>${password}</arg>
</arguments>
<msg timestamp="20200927 12:59:57.706" level="INFO">Typing text 'bcd123' into text field 'css:input[placeholder=Senha]'.</msg>
<status status="PASS" starttime="20200927 12:59:57.706" endtime="20200927 12:59:57.790"></status>
</kw>
<kw name="Click Element" library="SeleniumLibrary">
<doc>Click the element identified by ``locator``.</doc>
<arguments>
<arg>//button[text()='Entrar']</arg>
</arguments>
<msg timestamp="20200927 12:59:57.791" level="INFO">Clicking element '//button[text()='Entrar']'.</msg>
<status status="PASS" starttime="20200927 12:59:57.790" endtime="20200927 12:59:57.838"></status>
</kw>
<status status="PASS" starttime="20200927 12:59:57.617" endtime="20200927 12:59:57.838"></status>
</kw>
<kw name="Devo ver um toaster com a mensagem" library="kws">
<arguments>
<arg>${output_mensagem}</arg>
</arguments>
<kw name="Wait Until Element Contains" library="SeleniumLibrary">
<doc>Waits until the element ``locator`` contains ``text``.</doc>
<arguments>
<arg>xpath://*[@id="root"]/div[2]/div/div/p</arg>
<arg>${expect_message}</arg>
</arguments>
<status status="PASS" starttime="20200927 12:59:57.839" endtime="20200927 12:59:58.100"></status>
</kw>
<status status="PASS" starttime="20200927 12:59:57.839" endtime="20200927 12:59:58.100"></status>
</kw>
<status status="PASS" starttime="20200927 12:59:56.464" endtime="20200927 12:59:58.101"></status>
</kw>
<kw name="Finish Session" library="hooks" type="teardown">
<kw name="Close Browser" library="SeleniumLibrary">
<doc>Closes the current browser.</doc>
<status status="PASS" starttime="20200927 12:59:58.102" endtime="20200927 13:00:00.255"></status>
</kw>
<status status="PASS" starttime="20200927 12:59:58.101" endtime="20200927 13:00:00.255"></status>
</kw>
<status status="PASS" starttime="20200927 12:59:51.117" endtime="20200927 13:00:00.255" critical="yes"></status>
</test>
<doc>Login Tentativa</doc>
<status status="PASS" starttime="20200927 12:59:14.619" endtime="20200927 13:00:00.262"></status>
</suite>
<status status="PASS" starttime="20200927 12:59:04.954" endtime="20200927 13:00:00.268"></status>
</suite>
<statistics>
<total>
<stat pass="6" fail="0">Critical Tests</stat>
<stat pass="6" fail="0">All Tests</stat>
</total>
<tag>
</tag>
<suite>
<stat pass="6" fail="0" id="s1" name="Tests">Tests</stat>
<stat pass="1" fail="0" id="s1-s1" name="Login">Tests.Login</stat>
<stat pass="5" fail="0" id="s1-s2" name="Login Tentativa">Tests.Login Tentativa</stat>
</suite>
</statistics>
<errors>
</errors>
</robot>
