<?xml version="1.0" encoding="UTF-8"?>
<robot generator="Robot 3.2.2 (Python 3.8.5 on win32)" generated="20200927 12:43:27.406" rpa="false">
<suite id="s1" name="Tests" source="C:\qaninja\ze-palheta\tests">
<suite id="s1-s1" name="Login" source="C:\qaninja\ze-palheta\tests\login.robot">
<test id="s1-s1-t1" name="Login do Administrador">
<kw name="Start Session" library="hooks" type="setup">
<kw name="Open Browser" library="SeleniumLibrary">
<doc>Opens a new browser instance to the optional ``url``.</doc>
<arguments>
<arg>about:blank</arg>
<arg>chrome</arg>
</arguments>
<msg timestamp="20200927 12:43:27.642" level="INFO">Opening browser 'chrome' to base url 'about:blank'.</msg>
<status status="PASS" starttime="20200927 12:43:27.642" endtime="20200927 12:43:30.941"></status>
</kw>
<kw name="Maximize Browser Window" library="SeleniumLibrary">
<doc>Maximizes current browser window.</doc>
<status status="PASS" starttime="20200927 12:43:30.941" endtime="20200927 12:43:33.063"></status>
</kw>
<status status="PASS" starttime="20200927 12:43:27.642" endtime="20200927 12:43:33.063"></status>
</kw>
<kw name="Acesso a página Login" library="kws">
<kw name="Go To" library="SeleniumLibrary">
<doc>Navigates the current browser window to the provided ``url``.</doc>
<arguments>
<arg>http://zepalheta-web:3000</arg>
</arguments>
<msg timestamp="20200927 12:43:33.064" level="INFO">Opening url 'http://zepalheta-web:3000'</msg>
<status status="PASS" starttime="20200927 12:43:33.064" endtime="20200927 12:43:34.251"></status>
</kw>
<status status="PASS" starttime="20200927 12:43:33.064" endtime="20200927 12:43:34.251"></status>
</kw>
<kw name="Submeto minhas credenciais" library="kws">
<arguments>
<arg>admin@zepalheta.com.br</arg>
<arg>pwd123</arg>
</arguments>
<kw name="Input Text" library="SeleniumLibrary">
<doc>Types the given ``text`` into the text field identified by ``locator``.</doc>
<arguments>
<arg>id:txtEmail</arg>
<arg>${email}</arg>
</arguments>
<msg timestamp="20200927 12:43:34.253" level="INFO">Typing text 'admin@zepalheta.com.br' into text field 'id:txtEmail'.</msg>
<status status="PASS" starttime="20200927 12:43:34.253" endtime="20200927 12:43:34.359"></status>
</kw>
<kw name="Input Text" library="SeleniumLibrary">
<doc>Types the given ``text`` into the text field identified by ``locator``.</doc>
<arguments>
<arg>css:input[placeholder=Senha]</arg>
<arg>${password}</arg>
</arguments>
<msg timestamp="20200927 12:43:34.359" level="INFO">Typing text 'pwd123' into text field 'css:input[placeholder=Senha]'.</msg>
<status status="PASS" starttime="20200927 12:43:34.359" endtime="20200927 12:43:34.445"></status>
</kw>
<kw name="Click Element" library="SeleniumLibrary">
<doc>Click the element identified by ``locator``.</doc>
<arguments>
<arg>//button[text()='Entrar']</arg>
</arguments>
<msg timestamp="20200927 12:43:34.445" level="INFO">Clicking element '//button[text()='Entrar']'.</msg>
<status status="PASS" starttime="20200927 12:43:34.445" endtime="20200927 12:43:34.501"></status>
</kw>
<status status="PASS" starttime="20200927 12:43:34.252" endtime="20200927 12:43:34.501"></status>
</kw>
<kw name="Devo ver a área logada" library="kws">
<kw name="Wait Until Page Contains" library="SeleniumLibrary">
<doc>Waits until ``text`` appears on the current page.</doc>
<arguments>
<arg>Aluguéis</arg>
<arg>5</arg>
</arguments>
<status status="PASS" starttime="20200927 12:43:34.503" endtime="20200927 12:43:34.726"></status>
</kw>
<status status="PASS" starttime="20200927 12:43:34.502" endtime="20200927 12:43:34.726"></status>
</kw>
<kw name="Finish Session" library="hooks" type="teardown">
<kw name="Close Browser" library="SeleniumLibrary">
<doc>Closes the current browser.</doc>
<status status="PASS" starttime="20200927 12:43:34.727" endtime="20200927 12:43:36.901"></status>
</kw>
<status status="PASS" starttime="20200927 12:43:34.727" endtime="20200927 12:43:36.901"></status>
</kw>
<status status="PASS" starttime="20200927 12:43:27.641" endtime="20200927 12:43:36.901" critical="yes"></status>
</test>
<doc>Login</doc>
<status status="PASS" starttime="20200927 12:43:27.435" endtime="20200927 12:43:36.903"></status>
</suite>
<suite id="s1-s2" name="Login Tentativa" source="C:\qaninja\ze-palheta\tests\login_tentativa.robot">
<test id="s1-s2-t1" name="Senha incorreta">
<kw name="Start Session" library="hooks" type="setup">
<kw name="Open Browser" library="SeleniumLibrary">
<doc>Opens a new browser instance to the optional ``url``.</doc>
<arguments>
<arg>about:blank</arg>
<arg>chrome</arg>
</arguments>
<msg timestamp="20200927 12:43:36.921" level="INFO">Opening browser 'chrome' to base url 'about:blank'.</msg>
<status status="PASS" starttime="20200927 12:43:36.920" endtime="20200927 12:43:40.187"></status>
</kw>
<kw name="Maximize Browser Window" library="SeleniumLibrary">
<doc>Maximizes current browser window.</doc>
<status status="PASS" starttime="20200927 12:43:40.187" endtime="20200927 12:43:42.311"></status>
</kw>
<status status="PASS" starttime="20200927 12:43:36.920" endtime="20200927 12:43:42.311"></status>
</kw>
<kw name="Tentativa de login">
<arguments>
<arg>admin@zepalheta.com.br</arg>
<arg>abc123</arg>
<arg>Ocorreu um erro ao fazer login, cheque as credenciais.</arg>
</arguments>
<kw name="Acesso a página Login" library="kws">
<kw name="Go To" library="SeleniumLibrary">
<doc>Navigates the current browser window to the provided ``url``.</doc>
<arguments>
<arg>http://zepalheta-web:3000</arg>
</arguments>
<msg timestamp="20200927 12:43:42.313" level="INFO">Opening url 'http://zepalheta-web:3000'</msg>
<status status="PASS" starttime="20200927 12:43:42.313" endtime="20200927 12:43:43.075"></status>
</kw>
<status status="PASS" starttime="20200927 12:43:42.312" endtime="20200927 12:43:43.075"></status>
</kw>
<kw name="Submeto minhas credenciais" library="kws">
<arguments>
<arg>${input_email}</arg>
<arg>${input_senha}</arg>
</arguments>
<kw name="Input Text" library="SeleniumLibrary">
<doc>Types the given ``text`` into the text field identified by ``locator``.</doc>
<arguments>
<arg>id:txtEmail</arg>
<arg>${email}</arg>
</arguments>
<msg timestamp="20200927 12:43:43.077" level="INFO">Typing text 'admin@zepalheta.com.br' into text field 'id:txtEmail'.</msg>
<status status="PASS" starttime="20200927 12:43:43.077" endtime="20200927 12:43:43.499"></status>
</kw>
<kw name="Input Text" library="SeleniumLibrary">
<doc>Types the given ``text`` into the text field identified by ``locator``.</doc>
<arguments>
<arg>css:input[placeholder=Senha]</arg>
<arg>${password}</arg>
</arguments>
<msg timestamp="20200927 12:43:43.500" level="INFO">Typing text 'abc123' into text field 'css:input[placeholder=Senha]'.</msg>
<status status="PASS" starttime="20200927 12:43:43.499" endtime="20200927 12:43:43.587"></status>
</kw>
<kw name="Click Element" library="SeleniumLibrary">
<doc>Click the element identified by ``locator``.</doc>
<arguments>
<arg>//button[text()='Entrar']</arg>
</arguments>
<msg timestamp="20200927 12:43:43.587" level="INFO">Clicking element '//button[text()='Entrar']'.</msg>
<status status="PASS" starttime="20200927 12:43:43.587" endtime="20200927 12:43:43.639"></status>
</kw>
<status status="PASS" starttime="20200927 12:43:43.076" endtime="20200927 12:43:43.639"></status>
</kw>
<kw name="Devo ver um toaster com a mensagem" library="kws">
<arguments>
<arg>${output_mensagem}</arg>
</arguments>
<kw name="Wait Until Element Contains" library="SeleniumLibrary">
<doc>Waits until the element ``locator`` contains ``text``.</doc>
<arguments>
<arg>xpath://*[@id="root"]/div[2]/div/div/p</arg>
<arg>${expect_message}</arg>
</arguments>
<status status="PASS" starttime="20200927 12:43:43.639" endtime="20200927 12:43:44.085"></status>
</kw>
<status status="PASS" starttime="20200927 12:43:43.639" endtime="20200927 12:43:44.085"></status>
</kw>
<status status="PASS" starttime="20200927 12:43:42.312" endtime="20200927 12:43:44.086"></status>
</kw>
<kw name="Finish Session" library="hooks" type="teardown">
<kw name="Close Browser" library="SeleniumLibrary">
<doc>Closes the current browser.</doc>
<status status="PASS" starttime="20200927 12:43:44.087" endtime="20200927 12:43:46.256"></status>
</kw>
<status status="PASS" starttime="20200927 12:43:44.087" endtime="20200927 12:43:46.256"></status>
</kw>
<status status="PASS" starttime="20200927 12:43:36.919" endtime="20200927 12:43:46.257" critical="yes"></status>
</test>
<test id="s1-s2-t2" name="Senha em branco">
<kw name="Start Session" library="hooks" type="setup">
<kw name="Open Browser" library="SeleniumLibrary">
<doc>Opens a new browser instance to the optional ``url``.</doc>
<arguments>
<arg>about:blank</arg>
<arg>chrome</arg>
</arguments>
<msg timestamp="20200927 12:43:46.263" level="INFO">Opening browser 'chrome' to base url 'about:blank'.</msg>
<status status="PASS" starttime="20200927 12:43:46.263" endtime="20200927 12:43:49.536"></status>
</kw>
<kw name="Maximize Browser Window" library="SeleniumLibrary">
<doc>Maximizes current browser window.</doc>
<status status="PASS" starttime="20200927 12:43:49.536" endtime="20200927 12:43:51.658"></status>
</kw>
<status status="PASS" starttime="20200927 12:43:46.262" endtime="20200927 12:43:51.658"></status>
</kw>
<kw name="Tentativa de login">
<arguments>
<arg>carlos@gmail.com</arg>
<arg>${EMPTY}</arg>
<arg>O campo senha é obrigatório!</arg>
</arguments>
<kw name="Acesso a página Login" library="kws">
<kw name="Go To" library="SeleniumLibrary">
<doc>Navigates the current browser window to the provided ``url``.</doc>
<arguments>
<arg>http://zepalheta-web:3000</arg>
</arguments>
<msg timestamp="20200927 12:43:51.660" level="INFO">Opening url 'http://zepalheta-web:3000'</msg>
<status status="PASS" starttime="20200927 12:43:51.660" endtime="20200927 12:43:52.409"></status>
</kw>
<status status="PASS" starttime="20200927 12:43:51.659" endtime="20200927 12:43:52.410"></status>
</kw>
<kw name="Submeto minhas credenciais" library="kws">
<arguments>
<arg>${input_email}</arg>
<arg>${input_senha}</arg>
</arguments>
<kw name="Input Text" library="SeleniumLibrary">
<doc>Types the given ``text`` into the text field identified by ``locator``.</doc>
<arguments>
<arg>id:txtEmail</arg>
<arg>${email}</arg>
</arguments>
<msg timestamp="20200927 12:43:52.411" level="INFO">Typing text 'carlos@gmail.com' into text field 'id:txtEmail'.</msg>
<status status="PASS" starttime="20200927 12:43:52.411" endtime="20200927 12:43:52.848"></status>
</kw>
<kw name="Input Text" library="SeleniumLibrary">
<doc>Types the given ``text`` into the text field identified by ``locator``.</doc>
<arguments>
<arg>css:input[placeholder=Senha]</arg>
<arg>${password}</arg>
</arguments>
<msg timestamp="20200927 12:43:52.849" level="INFO">Typing text '' into text field 'css:input[placeholder=Senha]'.</msg>
<status status="PASS" starttime="20200927 12:43:52.848" endtime="20200927 12:43:52.928"></status>
</kw>
<kw name="Click Element" library="SeleniumLibrary">
<doc>Click the element identified by ``locator``.</doc>
<arguments>
<arg>//button[text()='Entrar']</arg>
</arguments>
<msg timestamp="20200927 12:43:52.928" level="INFO">Clicking element '//button[text()='Entrar']'.</msg>
<status status="PASS" starttime="20200927 12:43:52.928" endtime="20200927 12:43:52.990"></status>
</kw>
<status status="PASS" starttime="20200927 12:43:52.410" endtime="20200927 12:43:52.990"></status>
</kw>
<kw name="Devo ver um toaster com a mensagem" library="kws">
<arguments>
<arg>${output_mensagem}</arg>
</arguments>
<kw name="Wait Until Element Contains" library="SeleniumLibrary">
<doc>Waits until the element ``locator`` contains ``text``.</doc>
<arguments>
<arg>xpath://*[@id="root"]/div[2]/div/div/p</arg>
<arg>${expect_message}</arg>
</arguments>
<status status="PASS" starttime="20200927 12:43:52.990" endtime="20200927 12:43:53.228"></status>
</kw>
<status status="PASS" starttime="20200927 12:43:52.990" endtime="20200927 12:43:53.228"></status>
</kw>
<status status="PASS" starttime="20200927 12:43:51.659" endtime="20200927 12:43:53.228"></status>
</kw>
<kw name="Finish Session" library="hooks" type="teardown">
<kw name="Close Browser" library="SeleniumLibrary">
<doc>Closes the current browser.</doc>
<status status="PASS" starttime="20200927 12:43:53.229" endtime="20200927 12:43:55.397"></status>
</kw>
<status status="PASS" starttime="20200927 12:43:53.229" endtime="20200927 12:43:55.397"></status>
</kw>
<status status="PASS" starttime="20200927 12:43:46.262" endtime="20200927 12:43:55.398" critical="yes"></status>
</test>
<test id="s1-s2-t3" name="Email em branco">
<kw name="Start Session" library="hooks" type="setup">
<kw name="Open Browser" library="SeleniumLibrary">
<doc>Opens a new browser instance to the optional ``url``.</doc>
<arguments>
<arg>about:blank</arg>
<arg>chrome</arg>
</arguments>
<msg timestamp="20200927 12:43:55.405" level="INFO">Opening browser 'chrome' to base url 'about:blank'.</msg>
<status status="PASS" starttime="20200927 12:43:55.405" endtime="20200927 12:43:58.668"></status>
</kw>
<kw name="Maximize Browser Window" library="SeleniumLibrary">
<doc>Maximizes current browser window.</doc>
<status status="PASS" starttime="20200927 12:43:58.668" endtime="20200927 12:44:00.818"></status>
</kw>
<status status="PASS" starttime="20200927 12:43:55.405" endtime="20200927 12:44:00.819"></status>
</kw>
<kw name="Tentativa de login">
<arguments>
<arg>${EMPTY}</arg>
<arg>123456</arg>
<arg>O campo email é obrigatório!</arg>
</arguments>
<kw name="Acesso a página Login" library="kws">
<kw name="Go To" library="SeleniumLibrary">
<doc>Navigates the current browser window to the provided ``url``.</doc>
<arguments>
<arg>http://zepalheta-web:3000</arg>
</arguments>
<msg timestamp="20200927 12:44:00.821" level="INFO">Opening url 'http://zepalheta-web:3000'</msg>
<status status="PASS" starttime="20200927 12:44:00.820" endtime="20200927 12:44:02.016"></status>
</kw>
<status status="PASS" starttime="20200927 12:44:00.820" endtime="20200927 12:44:02.017"></status>
</kw>
<kw name="Submeto minhas credenciais" library="kws">
<arguments>
<arg>${input_email}</arg>
<arg>${input_senha}</arg>
</arguments>
<kw name="Input Text" library="SeleniumLibrary">
<doc>Types the given ``text`` into the text field identified by ``locator``.</doc>
<arguments>
<arg>id:txtEmail</arg>
<arg>${email}</arg>
</arguments>
<msg timestamp="20200927 12:44:02.018" level="INFO">Typing text '' into text field 'id:txtEmail'.</msg>
<status status="PASS" starttime="20200927 12:44:02.017" endtime="20200927 12:44:02.086"></status>
</kw>
<kw name="Input Text" library="SeleniumLibrary">
<doc>Types the given ``text`` into the text field identified by ``locator``.</doc>
<arguments>
<arg>css:input[placeholder=Senha]</arg>
<arg>${password}</arg>
</arguments>
<msg timestamp="20200927 12:44:02.086" level="INFO">Typing text '123456' into text field 'css:input[placeholder=Senha]'.</msg>
<status status="PASS" starttime="20200927 12:44:02.086" endtime="20200927 12:44:02.172"></status>
</kw>
<kw name="Click Element" library="SeleniumLibrary">
<doc>Click the element identified by ``locator``.</doc>
<arguments>
<arg>//button[text()='Entrar']</arg>
</arguments>
<msg timestamp="20200927 12:44:02.174" level="INFO">Clicking element '//button[text()='Entrar']'.</msg>
<status status="PASS" starttime="20200927 12:44:02.172" endtime="20200927 12:44:02.241"></status>
</kw>
<status status="PASS" starttime="20200927 12:44:02.017" endtime="20200927 12:44:02.241"></status>
</kw>
<kw name="Devo ver um toaster com a mensagem" library="kws">
<arguments>
<arg>${output_mensagem}</arg>
</arguments>
<kw name="Wait Until Element Contains" library="SeleniumLibrary">
<doc>Waits until the element ``locator`` contains ``text``.</doc>
<arguments>
<arg>xpath://*[@id="root"]/div[2]/div/div/p</arg>
<arg>${expect_message}</arg>
</arguments>
<status status="PASS" starttime="20200927 12:44:02.242" endtime="20200927 12:44:02.482"></status>
</kw>
<status status="PASS" starttime="20200927 12:44:02.241" endtime="20200927 12:44:02.482"></status>
</kw>
<status status="PASS" starttime="20200927 12:44:00.820" endtime="20200927 12:44:02.482"></status>
</kw>
<kw name="Finish Session" library="hooks" type="teardown">
<kw name="Close Browser" library="SeleniumLibrary">
<doc>Closes the current browser.</doc>
<status status="PASS" starttime="20200927 12:44:02.483" endtime="20200927 12:44:04.653"></status>
</kw>
<status status="PASS" starttime="20200927 12:44:02.483" endtime="20200927 12:44:04.653"></status>
</kw>
<status status="PASS" starttime="20200927 12:43:55.403" endtime="20200927 12:44:04.654" critical="yes"></status>
</test>
<test id="s1-s2-t4" name="Senha e Email em branco">
<kw name="Start Session" library="hooks" type="setup">
<kw name="Open Browser" library="SeleniumLibrary">
<doc>Opens a new browser instance to the optional ``url``.</doc>
<arguments>
<arg>about:blank</arg>
<arg>chrome</arg>
</arguments>
<msg timestamp="20200927 12:44:04.661" level="INFO">Opening browser 'chrome' to base url 'about:blank'.</msg>
<status status="PASS" starttime="20200927 12:44:04.661" endtime="20200927 12:44:07.934"></status>
</kw>
<kw name="Maximize Browser Window" library="SeleniumLibrary">
<doc>Maximizes current browser window.</doc>
<status status="PASS" starttime="20200927 12:44:07.935" endtime="20200927 12:44:10.055"></status>
</kw>
<status status="PASS" starttime="20200927 12:44:04.660" endtime="20200927 12:44:10.055"></status>
</kw>
<kw name="Tentativa de login">
<arguments>
<arg>${EMPTY}</arg>
<arg>${EMPTY}</arg>
<arg>Os campos email e senha não foram preenchidos!</arg>
</arguments>
<kw name="Acesso a página Login" library="kws">
<kw name="Go To" library="SeleniumLibrary">
<doc>Navigates the current browser window to the provided ``url``.</doc>
<arguments>
<arg>http://zepalheta-web:3000</arg>
</arguments>
<msg timestamp="20200927 12:44:10.059" level="INFO">Opening url 'http://zepalheta-web:3000'</msg>
<status status="PASS" starttime="20200927 12:44:10.059" endtime="20200927 12:44:10.813"></status>
</kw>
<status status="PASS" starttime="20200927 12:44:10.057" endtime="20200927 12:44:10.814"></status>
</kw>
<kw name="Submeto minhas credenciais" library="kws">
<arguments>
<arg>${input_email}</arg>
<arg>${input_senha}</arg>
</arguments>
<kw name="Input Text" library="SeleniumLibrary">
<doc>Types the given ``text`` into the text field identified by ``locator``.</doc>
<arguments>
<arg>id:txtEmail</arg>
<arg>${email}</arg>
</arguments>
<msg timestamp="20200927 12:44:10.816" level="INFO">Typing text '' into text field 'id:txtEmail'.</msg>
<status status="PASS" starttime="20200927 12:44:10.816" endtime="20200927 12:44:10.892"></status>
</kw>
<kw name="Input Text" library="SeleniumLibrary">
<doc>Types the given ``text`` into the text field identified by ``locator``.</doc>
<arguments>
<arg>css:input[placeholder=Senha]</arg>
<arg>${password}</arg>
</arguments>
<msg timestamp="20200927 12:44:10.892" level="INFO">Typing text '' into text field 'css:input[placeholder=Senha]'.</msg>
<status status="PASS" starttime="20200927 12:44:10.892" endtime="20200927 12:44:11.237"></status>
</kw>
<kw name="Click Element" library="SeleniumLibrary">
<doc>Click the element identified by ``locator``.</doc>
<arguments>
<arg>//button[text()='Entrar']</arg>
</arguments>
<msg timestamp="20200927 12:44:11.238" level="INFO">Clicking element '//button[text()='Entrar']'.</msg>
<status status="PASS" starttime="20200927 12:44:11.237" endtime="20200927 12:44:11.300"></status>
</kw>
<status status="PASS" starttime="20200927 12:44:10.814" endtime="20200927 12:44:11.300"></status>
</kw>
<kw name="Devo ver um toaster com a mensagem" library="kws">
<arguments>
<arg>${output_mensagem}</arg>
</arguments>
<kw name="Wait Until Element Contains" library="SeleniumLibrary">
<doc>Waits until the element ``locator`` contains ``text``.</doc>
<arguments>
<arg>xpath://*[@id="root"]/div[2]/div/div/p</arg>
<arg>${expect_message}</arg>
</arguments>
<status status="PASS" starttime="20200927 12:44:11.301" endtime="20200927 12:44:11.542"></status>
</kw>
<status status="PASS" starttime="20200927 12:44:11.301" endtime="20200927 12:44:11.542"></status>
</kw>
<status status="PASS" starttime="20200927 12:44:10.057" endtime="20200927 12:44:11.542"></status>
</kw>
<kw name="Finish Session" library="hooks" type="teardown">
<kw name="Close Browser" library="SeleniumLibrary">
<doc>Closes the current browser.</doc>
<status status="PASS" starttime="20200927 12:44:11.544" endtime="20200927 12:44:13.715"></status>
</kw>
<status status="PASS" starttime="20200927 12:44:11.543" endtime="20200927 12:44:13.716"></status>
</kw>
<status status="PASS" starttime="20200927 12:44:04.659" endtime="20200927 12:44:13.716" critical="yes"></status>
</test>
<test id="s1-s2-t5" name="Login incorreto">
<kw name="Start Session" library="hooks" type="setup">
<kw name="Open Browser" library="SeleniumLibrary">
<doc>Opens a new browser instance to the optional ``url``.</doc>
<arguments>
<arg>about:blank</arg>
<arg>chrome</arg>
</arguments>
<msg timestamp="20200927 12:44:13.722" level="INFO">Opening browser 'chrome' to base url 'about:blank'.</msg>
<status status="PASS" starttime="20200927 12:44:13.722" endtime="20200927 12:44:17.016"></status>
</kw>
<kw name="Maximize Browser Window" library="SeleniumLibrary">
<doc>Maximizes current browser window.</doc>
<status status="PASS" starttime="20200927 12:44:17.016" endtime="20200927 12:44:19.134"></status>
</kw>
<status status="PASS" starttime="20200927 12:44:13.721" endtime="20200927 12:44:19.134"></status>
</kw>
<kw name="Tentativa de login">
<arguments>
<arg>admin&amp;gmail.com</arg>
<arg>bcd123</arg>
<arg>Ocorreu um erro ao fazer login, cheque as credenciais.</arg>
</arguments>
<kw name="Acesso a página Login" library="kws">
<kw name="Go To" library="SeleniumLibrary">
<doc>Navigates the current browser window to the provided ``url``.</doc>
<arguments>
<arg>http://zepalheta-web:3000</arg>
</arguments>
<msg timestamp="20200927 12:44:19.139" level="INFO">Opening url 'http://zepalheta-web:3000'</msg>
<status status="PASS" starttime="20200927 12:44:19.138" endtime="20200927 12:44:19.929"></status>
</kw>
<status status="PASS" starttime="20200927 12:44:19.137" endtime="20200927 12:44:19.929"></status>
</kw>
<kw name="Submeto minhas credenciais" library="kws">
<arguments>
<arg>${input_email}</arg>
<arg>${input_senha}</arg>
</arguments>
<kw name="Input Text" library="SeleniumLibrary">
<doc>Types the given ``text`` into the text field identified by ``locator``.</doc>
<arguments>
<arg>id:txtEmail</arg>
<arg>${email}</arg>
</arguments>
<msg timestamp="20200927 12:44:19.931" level="INFO">Typing text 'admin&amp;gmail.com' into text field 'id:txtEmail'.</msg>
<status status="PASS" starttime="20200927 12:44:19.930" endtime="20200927 12:44:20.408"></status>
</kw>
<kw name="Input Text" library="SeleniumLibrary">
<doc>Types the given ``text`` into the text field identified by ``locator``.</doc>
<arguments>
<arg>css:input[placeholder=Senha]</arg>
<arg>${password}</arg>
</arguments>
<msg timestamp="20200927 12:44:20.409" level="INFO">Typing text 'bcd123' into text field 'css:input[placeholder=Senha]'.</msg>
<status status="PASS" starttime="20200927 12:44:20.408" endtime="20200927 12:44:20.496"></status>
</kw>
<kw name="Click Element" library="SeleniumLibrary">
<doc>Click the element identified by ``locator``.</doc>
<arguments>
<arg>//button[text()='Entrar']</arg>
</arguments>
<msg timestamp="20200927 12:44:20.497" level="INFO">Clicking element '//button[text()='Entrar']'.</msg>
<status status="PASS" starttime="20200927 12:44:20.496" endtime="20200927 12:44:20.549"></status>
</kw>
<status status="PASS" starttime="20200927 12:44:19.930" endtime="20200927 12:44:20.549"></status>
</kw>
<kw name="Devo ver um toaster com a mensagem" library="kws">
<arguments>
<arg>${output_mensagem}</arg>
</arguments>
<kw name="Wait Until Element Contains" library="SeleniumLibrary">
<doc>Waits until the element ``locator`` contains ``text``.</doc>
<arguments>
<arg>xpath://*[@id="root"]/div[2]/div/div/p</arg>
<arg>${expect_message}</arg>
</arguments>
<status status="PASS" starttime="20200927 12:44:20.550" endtime="20200927 12:44:20.797"></status>
</kw>
<status status="PASS" starttime="20200927 12:44:20.549" endtime="20200927 12:44:20.797"></status>
</kw>
<status status="PASS" starttime="20200927 12:44:19.136" endtime="20200927 12:44:20.797"></status>
</kw>
<kw name="Finish Session" library="hooks" type="teardown">
<kw name="Close Browser" library="SeleniumLibrary">
<doc>Closes the current browser.</doc>
<status status="PASS" starttime="20200927 12:44:20.798" endtime="20200927 12:44:22.965"></status>
</kw>
<status status="PASS" starttime="20200927 12:44:20.798" endtime="20200927 12:44:22.965"></status>
</kw>
<status status="PASS" starttime="20200927 12:44:13.721" endtime="20200927 12:44:22.965" critical="yes"></status>
</test>
<doc>Login Tentativa</doc>
<status status="PASS" starttime="20200927 12:43:36.907" endtime="20200927 12:44:22.971"></status>
</suite>
<status status="PASS" starttime="20200927 12:43:27.408" endtime="20200927 12:44:22.979"></status>
</suite>
<statistics>
<total>
<stat pass="6" fail="0">Critical Tests</stat>
<stat pass="6" fail="0">All Tests</stat>
</total>
<tag>
</tag>
<suite>
<stat pass="6" fail="0" id="s1" name="Tests">Tests</stat>
<stat pass="1" fail="0" id="s1-s1" name="Login">Tests.Login</stat>
<stat pass="5" fail="0" id="s1-s2" name="Login Tentativa">Tests.Login Tentativa</stat>
</suite>
</statistics>
<errors>
</errors>
</robot>
