<?xml version="1.0" encoding="UTF-8"?>
<robot generator="Robot 3.2.2 (Python 3.8.5 on win32)" generated="20200927 14:27:11.132" rpa="false">
<suite id="s1" name="Login Tentativa" source="C:\qaninja\ze-palheta\tests\login_tentativa.robot">
<kw name="Start Session" library="hooks" type="setup">
<kw name="Open Browser" library="SeleniumLibrary">
<doc>Opens a new browser instance to the optional ``url``.</doc>
<arguments>
<arg>about:blank</arg>
<arg>chrome</arg>
</arguments>
<msg timestamp="20200927 14:27:11.377" level="INFO">Opening browser 'chrome' to base url 'about:blank'.</msg>
<status status="PASS" starttime="20200927 14:27:11.377" endtime="20200927 14:27:14.679"></status>
</kw>
<kw name="Maximize Browser Window" library="SeleniumLibrary">
<doc>Maximizes current browser window.</doc>
<status status="PASS" starttime="20200927 14:27:14.679" endtime="20200927 14:27:16.800"></status>
</kw>
<status status="PASS" starttime="20200927 14:27:11.377" endtime="20200927 14:27:16.800"></status>
</kw>
<test id="s1-t1" name="Senha incorreta">
<kw name="Tentativa de login">
<arguments>
<arg>admin@zepalheta.com.br</arg>
<arg>abc123</arg>
<arg>Ocorreu um erro ao fazer login, cheque as credenciais.</arg>
</arguments>
<kw name="Acesso a página Login" library="kws">
<kw name="Go To" library="SeleniumLibrary">
<doc>Navigates the current browser window to the provided ``url``.</doc>
<arguments>
<arg>http://zepalheta-web:3000</arg>
</arguments>
<msg timestamp="20200927 14:27:16.803" level="INFO">Opening url 'http://zepalheta-web:3000'</msg>
<status status="PASS" starttime="20200927 14:27:16.803" endtime="20200927 14:27:17.647"></status>
</kw>
<status status="PASS" starttime="20200927 14:27:16.802" endtime="20200927 14:27:17.648"></status>
</kw>
<kw name="Submeto minhas credenciais" library="kws">
<arguments>
<arg>${input_email}</arg>
<arg>${input_senha}</arg>
</arguments>
<kw name="Input Text" library="SeleniumLibrary">
<doc>Types the given ``text`` into the text field identified by ``locator``.</doc>
<arguments>
<arg>id:txtEmail</arg>
<arg>${email}</arg>
</arguments>
<msg timestamp="20200927 14:27:17.650" level="INFO">Typing text 'admin@zepalheta.com.br' into text field 'id:txtEmail'.</msg>
<status status="PASS" starttime="20200927 14:27:17.649" endtime="20200927 14:27:18.161"></status>
</kw>
<kw name="Input Text" library="SeleniumLibrary">
<doc>Types the given ``text`` into the text field identified by ``locator``.</doc>
<arguments>
<arg>css:input[placeholder=Senha]</arg>
<arg>${password}</arg>
</arguments>
<msg timestamp="20200927 14:27:18.162" level="INFO">Typing text 'abc123' into text field 'css:input[placeholder=Senha]'.</msg>
<status status="PASS" starttime="20200927 14:27:18.161" endtime="20200927 14:27:18.260"></status>
</kw>
<kw name="Click Element" library="SeleniumLibrary">
<doc>Click the element identified by ``locator``.</doc>
<arguments>
<arg>//button[text()='Entrar']</arg>
</arguments>
<msg timestamp="20200927 14:27:18.261" level="INFO">Clicking element '//button[text()='Entrar']'.</msg>
<status status="PASS" starttime="20200927 14:27:18.260" endtime="20200927 14:27:18.320"></status>
</kw>
<status status="PASS" starttime="20200927 14:27:17.648" endtime="20200927 14:27:18.320"></status>
</kw>
<kw name="Devo ver um toaster com a mensagem" library="kws">
<arguments>
<arg>${output_mensagem}</arg>
</arguments>
<kw name="Wait Until Element Contains" library="SeleniumLibrary">
<doc>Waits until the element ``locator`` contains ``text``.</doc>
<arguments>
<arg>xpath://*[@id="root"]/div[2]/div/div/p</arg>
<arg>${expect_message}</arg>
</arguments>
<status status="PASS" starttime="20200927 14:27:18.321" endtime="20200927 14:27:18.562"></status>
</kw>
<status status="PASS" starttime="20200927 14:27:18.320" endtime="20200927 14:27:18.562"></status>
</kw>
<status status="PASS" starttime="20200927 14:27:16.802" endtime="20200927 14:27:18.563"></status>
</kw>
<status status="PASS" starttime="20200927 14:27:16.800" endtime="20200927 14:27:18.564" critical="yes"></status>
</test>
<test id="s1-t2" name="Senha em branco">
<kw name="Tentativa de login">
<arguments>
<arg>carlos@gmail.com</arg>
<arg>${EMPTY}</arg>
<arg>O campo senha é obrigatório!</arg>
</arguments>
<kw name="Acesso a página Login" library="kws">
<kw name="Go To" library="SeleniumLibrary">
<doc>Navigates the current browser window to the provided ``url``.</doc>
<arguments>
<arg>http://zepalheta-web:3000</arg>
</arguments>
<msg timestamp="20200927 14:27:18.572" level="INFO">Opening url 'http://zepalheta-web:3000'</msg>
<status status="PASS" starttime="20200927 14:27:18.572" endtime="20200927 14:27:19.110"></status>
</kw>
<status status="PASS" starttime="20200927 14:27:18.572" endtime="20200927 14:27:19.110"></status>
</kw>
<kw name="Submeto minhas credenciais" library="kws">
<arguments>
<arg>${input_email}</arg>
<arg>${input_senha}</arg>
</arguments>
<kw name="Input Text" library="SeleniumLibrary">
<doc>Types the given ``text`` into the text field identified by ``locator``.</doc>
<arguments>
<arg>id:txtEmail</arg>
<arg>${email}</arg>
</arguments>
<msg timestamp="20200927 14:27:19.111" level="INFO">Typing text 'carlos@gmail.com' into text field 'id:txtEmail'.</msg>
<status status="PASS" starttime="20200927 14:27:19.111" endtime="20200927 14:27:19.197"></status>
</kw>
<kw name="Input Text" library="SeleniumLibrary">
<doc>Types the given ``text`` into the text field identified by ``locator``.</doc>
<arguments>
<arg>css:input[placeholder=Senha]</arg>
<arg>${password}</arg>
</arguments>
<msg timestamp="20200927 14:27:19.198" level="INFO">Typing text '' into text field 'css:input[placeholder=Senha]'.</msg>
<status status="PASS" starttime="20200927 14:27:19.198" endtime="20200927 14:27:19.272"></status>
</kw>
<kw name="Click Element" library="SeleniumLibrary">
<doc>Click the element identified by ``locator``.</doc>
<arguments>
<arg>//button[text()='Entrar']</arg>
</arguments>
<msg timestamp="20200927 14:27:19.273" level="INFO">Clicking element '//button[text()='Entrar']'.</msg>
<status status="PASS" starttime="20200927 14:27:19.273" endtime="20200927 14:27:19.321"></status>
</kw>
<status status="PASS" starttime="20200927 14:27:19.110" endtime="20200927 14:27:19.321"></status>
</kw>
<kw name="Devo ver um toaster com a mensagem" library="kws">
<arguments>
<arg>${output_mensagem}</arg>
</arguments>
<kw name="Wait Until Element Contains" library="SeleniumLibrary">
<doc>Waits until the element ``locator`` contains ``text``.</doc>
<arguments>
<arg>xpath://*[@id="root"]/div[2]/div/div/p</arg>
<arg>${expect_message}</arg>
</arguments>
<status status="PASS" starttime="20200927 14:27:19.322" endtime="20200927 14:27:19.556"></status>
</kw>
<status status="PASS" starttime="20200927 14:27:19.321" endtime="20200927 14:27:19.557"></status>
</kw>
<status status="PASS" starttime="20200927 14:27:18.571" endtime="20200927 14:27:19.557"></status>
</kw>
<status status="PASS" starttime="20200927 14:27:18.570" endtime="20200927 14:27:19.558" critical="yes"></status>
</test>
<test id="s1-t3" name="Email em branco">
<kw name="Tentativa de login">
<arguments>
<arg>${EMPTY}</arg>
<arg>123456</arg>
<arg>O campo email é obrigatório!</arg>
</arguments>
<kw name="Acesso a página Login" library="kws">
<kw name="Go To" library="SeleniumLibrary">
<doc>Navigates the current browser window to the provided ``url``.</doc>
<arguments>
<arg>http://zepalheta-web:3000</arg>
</arguments>
<msg timestamp="20200927 14:27:19.566" level="INFO">Opening url 'http://zepalheta-web:3000'</msg>
<status status="PASS" starttime="20200927 14:27:19.566" endtime="20200927 14:27:20.008"></status>
</kw>
<status status="PASS" starttime="20200927 14:27:19.566" endtime="20200927 14:27:20.008"></status>
</kw>
<kw name="Submeto minhas credenciais" library="kws">
<arguments>
<arg>${input_email}</arg>
<arg>${input_senha}</arg>
</arguments>
<kw name="Input Text" library="SeleniumLibrary">
<doc>Types the given ``text`` into the text field identified by ``locator``.</doc>
<arguments>
<arg>id:txtEmail</arg>
<arg>${email}</arg>
</arguments>
<msg timestamp="20200927 14:27:20.010" level="INFO">Typing text '' into text field 'id:txtEmail'.</msg>
<status status="PASS" starttime="20200927 14:27:20.009" endtime="20200927 14:27:20.071"></status>
</kw>
<kw name="Input Text" library="SeleniumLibrary">
<doc>Types the given ``text`` into the text field identified by ``locator``.</doc>
<arguments>
<arg>css:input[placeholder=Senha]</arg>
<arg>${password}</arg>
</arguments>
<msg timestamp="20200927 14:27:20.071" level="INFO">Typing text '123456' into text field 'css:input[placeholder=Senha]'.</msg>
<status status="PASS" starttime="20200927 14:27:20.071" endtime="20200927 14:27:20.152"></status>
</kw>
<kw name="Click Element" library="SeleniumLibrary">
<doc>Click the element identified by ``locator``.</doc>
<arguments>
<arg>//button[text()='Entrar']</arg>
</arguments>
<msg timestamp="20200927 14:27:20.152" level="INFO">Clicking element '//button[text()='Entrar']'.</msg>
<status status="PASS" starttime="20200927 14:27:20.152" endtime="20200927 14:27:20.206"></status>
</kw>
<status status="PASS" starttime="20200927 14:27:20.008" endtime="20200927 14:27:20.207"></status>
</kw>
<kw name="Devo ver um toaster com a mensagem" library="kws">
<arguments>
<arg>${output_mensagem}</arg>
</arguments>
<kw name="Wait Until Element Contains" library="SeleniumLibrary">
<doc>Waits until the element ``locator`` contains ``text``.</doc>
<arguments>
<arg>xpath://*[@id="root"]/div[2]/div/div/p</arg>
<arg>${expect_message}</arg>
</arguments>
<status status="PASS" starttime="20200927 14:27:20.208" endtime="20200927 14:27:20.445"></status>
</kw>
<status status="PASS" starttime="20200927 14:27:20.207" endtime="20200927 14:27:20.446"></status>
</kw>
<status status="PASS" starttime="20200927 14:27:19.565" endtime="20200927 14:27:20.446"></status>
</kw>
<status status="PASS" starttime="20200927 14:27:19.564" endtime="20200927 14:27:20.447" critical="yes"></status>
</test>
<test id="s1-t4" name="Senha e Email em branco">
<kw name="Tentativa de login">
<arguments>
<arg>${EMPTY}</arg>
<arg>${EMPTY}</arg>
<arg>Os campos email e senha não foram preenchidos!</arg>
</arguments>
<kw name="Acesso a página Login" library="kws">
<kw name="Go To" library="SeleniumLibrary">
<doc>Navigates the current browser window to the provided ``url``.</doc>
<arguments>
<arg>http://zepalheta-web:3000</arg>
</arguments>
<msg timestamp="20200927 14:27:20.453" level="INFO">Opening url 'http://zepalheta-web:3000'</msg>
<status status="PASS" starttime="20200927 14:27:20.453" endtime="20200927 14:27:20.934"></status>
</kw>
<status status="PASS" starttime="20200927 14:27:20.452" endtime="20200927 14:27:20.934"></status>
</kw>
<kw name="Submeto minhas credenciais" library="kws">
<arguments>
<arg>${input_email}</arg>
<arg>${input_senha}</arg>
</arguments>
<kw name="Input Text" library="SeleniumLibrary">
<doc>Types the given ``text`` into the text field identified by ``locator``.</doc>
<arguments>
<arg>id:txtEmail</arg>
<arg>${email}</arg>
</arguments>
<msg timestamp="20200927 14:27:20.936" level="INFO">Typing text '' into text field 'id:txtEmail'.</msg>
<status status="PASS" starttime="20200927 14:27:20.935" endtime="20200927 14:27:21.002"></status>
</kw>
<kw name="Input Text" library="SeleniumLibrary">
<doc>Types the given ``text`` into the text field identified by ``locator``.</doc>
<arguments>
<arg>css:input[placeholder=Senha]</arg>
<arg>${password}</arg>
</arguments>
<msg timestamp="20200927 14:27:21.002" level="INFO">Typing text '' into text field 'css:input[placeholder=Senha]'.</msg>
<status status="PASS" starttime="20200927 14:27:21.002" endtime="20200927 14:27:21.071"></status>
</kw>
<kw name="Click Element" library="SeleniumLibrary">
<doc>Click the element identified by ``locator``.</doc>
<arguments>
<arg>//button[text()='Entrar']</arg>
</arguments>
<msg timestamp="20200927 14:27:21.071" level="INFO">Clicking element '//button[text()='Entrar']'.</msg>
<status status="PASS" starttime="20200927 14:27:21.071" endtime="20200927 14:27:21.121"></status>
</kw>
<status status="PASS" starttime="20200927 14:27:20.934" endtime="20200927 14:27:21.121"></status>
</kw>
<kw name="Devo ver um toaster com a mensagem" library="kws">
<arguments>
<arg>${output_mensagem}</arg>
</arguments>
<kw name="Wait Until Element Contains" library="SeleniumLibrary">
<doc>Waits until the element ``locator`` contains ``text``.</doc>
<arguments>
<arg>xpath://*[@id="root"]/div[2]/div/div/p</arg>
<arg>${expect_message}</arg>
</arguments>
<status status="PASS" starttime="20200927 14:27:21.122" endtime="20200927 14:27:21.362"></status>
</kw>
<status status="PASS" starttime="20200927 14:27:21.122" endtime="20200927 14:27:21.362"></status>
</kw>
<status status="PASS" starttime="20200927 14:27:20.452" endtime="20200927 14:27:21.362"></status>
</kw>
<status status="PASS" starttime="20200927 14:27:20.451" endtime="20200927 14:27:21.363" critical="yes"></status>
</test>
<test id="s1-t5" name="Login incorreto">
<kw name="Tentativa de login">
<arguments>
<arg>admin&amp;gmail.com</arg>
<arg>bcd123</arg>
<arg>Ocorreu um erro ao fazer login, cheque as credenciais.</arg>
</arguments>
<kw name="Acesso a página Login" library="kws">
<kw name="Go To" library="SeleniumLibrary">
<doc>Navigates the current browser window to the provided ``url``.</doc>
<arguments>
<arg>http://zepalheta-web:3000</arg>
</arguments>
<msg timestamp="20200927 14:27:21.370" level="INFO">Opening url 'http://zepalheta-web:3000'</msg>
<status status="PASS" starttime="20200927 14:27:21.370" endtime="20200927 14:27:21.852"></status>
</kw>
<status status="PASS" starttime="20200927 14:27:21.370" endtime="20200927 14:27:21.852"></status>
</kw>
<kw name="Submeto minhas credenciais" library="kws">
<arguments>
<arg>${input_email}</arg>
<arg>${input_senha}</arg>
</arguments>
<kw name="Input Text" library="SeleniumLibrary">
<doc>Types the given ``text`` into the text field identified by ``locator``.</doc>
<arguments>
<arg>id:txtEmail</arg>
<arg>${email}</arg>
</arguments>
<msg timestamp="20200927 14:27:21.853" level="INFO">Typing text 'admin&amp;gmail.com' into text field 'id:txtEmail'.</msg>
<status status="PASS" starttime="20200927 14:27:21.853" endtime="20200927 14:27:21.934"></status>
</kw>
<kw name="Input Text" library="SeleniumLibrary">
<doc>Types the given ``text`` into the text field identified by ``locator``.</doc>
<arguments>
<arg>css:input[placeholder=Senha]</arg>
<arg>${password}</arg>
</arguments>
<msg timestamp="20200927 14:27:21.935" level="INFO">Typing text 'bcd123' into text field 'css:input[placeholder=Senha]'.</msg>
<status status="PASS" starttime="20200927 14:27:21.935" endtime="20200927 14:27:22.021"></status>
</kw>
<kw name="Click Element" library="SeleniumLibrary">
<doc>Click the element identified by ``locator``.</doc>
<arguments>
<arg>//button[text()='Entrar']</arg>
</arguments>
<msg timestamp="20200927 14:27:22.021" level="INFO">Clicking element '//button[text()='Entrar']'.</msg>
<status status="PASS" starttime="20200927 14:27:22.021" endtime="20200927 14:27:22.068"></status>
</kw>
<status status="PASS" starttime="20200927 14:27:21.852" endtime="20200927 14:27:22.069"></status>
</kw>
<kw name="Devo ver um toaster com a mensagem" library="kws">
<arguments>
<arg>${output_mensagem}</arg>
</arguments>
<kw name="Wait Until Element Contains" library="SeleniumLibrary">
<doc>Waits until the element ``locator`` contains ``text``.</doc>
<arguments>
<arg>xpath://*[@id="root"]/div[2]/div/div/p</arg>
<arg>${expect_message}</arg>
</arguments>
<status status="PASS" starttime="20200927 14:27:22.069" endtime="20200927 14:27:22.311"></status>
</kw>
<status status="PASS" starttime="20200927 14:27:22.069" endtime="20200927 14:27:22.312"></status>
</kw>
<status status="PASS" starttime="20200927 14:27:21.369" endtime="20200927 14:27:22.312"></status>
</kw>
<status status="PASS" starttime="20200927 14:27:21.368" endtime="20200927 14:27:22.313" critical="yes"></status>
</test>
<kw name="Finish Session" library="hooks" type="teardown">
<kw name="Close Browser" library="SeleniumLibrary">
<doc>Closes the current browser.</doc>
<status status="PASS" starttime="20200927 14:27:22.319" endtime="20200927 14:27:24.485"></status>
</kw>
<status status="PASS" starttime="20200927 14:27:22.319" endtime="20200927 14:27:24.486"></status>
</kw>
<doc>Login Tentativa</doc>
<status status="PASS" starttime="20200927 14:27:11.133" endtime="20200927 14:27:24.486"></status>
</suite>
<statistics>
<total>
<stat pass="5" fail="0">Critical Tests</stat>
<stat pass="5" fail="0">All Tests</stat>
</total>
<tag>
</tag>
<suite>
<stat pass="5" fail="0" id="s1" name="Login Tentativa">Login Tentativa</stat>
</suite>
</statistics>
<errors>
</errors>
</robot>
