<?xml version="1.0" encoding="UTF-8"?>
<robot generator="Robot 3.2.2 (Python 3.8.5 on win32)" generated="20200923 17:21:06.257" rpa="false">
<suite id="s1" name="Tests" source="C:\qaninja\ze-palheta\tests">
<suite id="s1-s1" name="Login" source="C:\qaninja\ze-palheta\tests\login.robot">
<test id="s1-s1-t1" name="Senha incorreta">
<kw name="Acesso a página Login" library="kws">
<kw name="Open Browser" library="SeleniumLibrary">
<doc>Opens a new browser instance to the optional ``url``.</doc>
<arguments>
<arg>http://zepalheta-web:3000/</arg>
<arg>chrome</arg>
</arguments>
<msg timestamp="20200923 17:21:06.656" level="INFO">Opening browser 'chrome' to base url 'http://zepalheta-web:3000/'.</msg>
<status status="PASS" starttime="20200923 17:21:06.656" endtime="20200923 17:21:11.030"></status>
</kw>
<status status="PASS" starttime="20200923 17:21:06.656" endtime="20200923 17:21:11.030"></status>
</kw>
<kw name="Submeto minhas credenciais" library="kws">
<arguments>
<arg>admin@zepalheta.com.br</arg>
<arg>abc123</arg>
</arguments>
<kw name="Input Text" library="SeleniumLibrary">
<doc>Types the given ``text`` into the text field identified by ``locator``.</doc>
<arguments>
<arg>id:txtEmail</arg>
<arg>${email}</arg>
</arguments>
<msg timestamp="20200923 17:21:11.032" level="INFO">Typing text 'admin@zepalheta.com.br' into text field 'id:txtEmail'.</msg>
<status status="PASS" starttime="20200923 17:21:11.032" endtime="20200923 17:21:11.654"></status>
</kw>
<kw name="Input Text" library="SeleniumLibrary">
<doc>Types the given ``text`` into the text field identified by ``locator``.</doc>
<arguments>
<arg>css:input[placeholder=Senha]</arg>
<arg>${password}</arg>
</arguments>
<msg timestamp="20200923 17:21:11.655" level="INFO">Typing text 'abc123' into text field 'css:input[placeholder=Senha]'.</msg>
<status status="PASS" starttime="20200923 17:21:11.655" endtime="20200923 17:21:11.734"></status>
</kw>
<kw name="Click Element" library="SeleniumLibrary">
<doc>Click the element identified by ``locator``.</doc>
<arguments>
<arg>//button[text()='Entrar']</arg>
</arguments>
<msg timestamp="20200923 17:21:11.734" level="INFO">Clicking element '//button[text()='Entrar']'.</msg>
<status status="PASS" starttime="20200923 17:21:11.734" endtime="20200923 17:21:11.791"></status>
</kw>
<status status="PASS" starttime="20200923 17:21:11.031" endtime="20200923 17:21:11.791"></status>
</kw>
<kw name="Devo ver um toaster com a mensagem" library="kws">
<arguments>
<arg>Ocorreu um erro ao fazer login, cheque as credenciais.</arg>
</arguments>
<kw name="Wait Until Element Contains" library="SeleniumLibrary">
<doc>Waits until the element ``locator`` contains ``text``.</doc>
<arguments>
<arg>xpath://*[@id="root"]/div[2]/div/div/p</arg>
<arg>${expect_message}</arg>
</arguments>
<status status="PASS" starttime="20200923 17:21:11.792" endtime="20200923 17:21:12.243"></status>
</kw>
<kw name="Close Browser" library="SeleniumLibrary">
<doc>Closes the current browser.</doc>
<status status="PASS" starttime="20200923 17:21:12.243" endtime="20200923 17:21:14.448"></status>
</kw>
<status status="PASS" starttime="20200923 17:21:11.792" endtime="20200923 17:21:14.448"></status>
</kw>
<tags>
<tag>inv_login</tag>
</tags>
<status status="PASS" starttime="20200923 17:21:06.655" endtime="20200923 17:21:14.449" critical="yes"></status>
</test>
<test id="s1-s1-t2" name="Senha em branco">
<kw name="Acesso a página Login" library="kws">
<kw name="Open Browser" library="SeleniumLibrary">
<doc>Opens a new browser instance to the optional ``url``.</doc>
<arguments>
<arg>http://zepalheta-web:3000/</arg>
<arg>chrome</arg>
</arguments>
<msg timestamp="20200923 17:21:14.456" level="INFO">Opening browser 'chrome' to base url 'http://zepalheta-web:3000/'.</msg>
<status status="PASS" starttime="20200923 17:21:14.456" endtime="20200923 17:21:18.629"></status>
</kw>
<status status="PASS" starttime="20200923 17:21:14.455" endtime="20200923 17:21:18.629"></status>
</kw>
<kw name="Submeto minhas credenciais" library="kws">
<arguments>
<arg>carlos@gmail.com</arg>
<arg>${EMPTY}</arg>
</arguments>
<kw name="Input Text" library="SeleniumLibrary">
<doc>Types the given ``text`` into the text field identified by ``locator``.</doc>
<arguments>
<arg>id:txtEmail</arg>
<arg>${email}</arg>
</arguments>
<msg timestamp="20200923 17:21:18.630" level="INFO">Typing text 'carlos@gmail.com' into text field 'id:txtEmail'.</msg>
<status status="PASS" starttime="20200923 17:21:18.630" endtime="20200923 17:21:18.731"></status>
</kw>
<kw name="Input Text" library="SeleniumLibrary">
<doc>Types the given ``text`` into the text field identified by ``locator``.</doc>
<arguments>
<arg>css:input[placeholder=Senha]</arg>
<arg>${password}</arg>
</arguments>
<msg timestamp="20200923 17:21:18.732" level="INFO">Typing text '' into text field 'css:input[placeholder=Senha]'.</msg>
<status status="PASS" starttime="20200923 17:21:18.731" endtime="20200923 17:21:19.240"></status>
</kw>
<kw name="Click Element" library="SeleniumLibrary">
<doc>Click the element identified by ``locator``.</doc>
<arguments>
<arg>//button[text()='Entrar']</arg>
</arguments>
<msg timestamp="20200923 17:21:19.241" level="INFO">Clicking element '//button[text()='Entrar']'.</msg>
<status status="PASS" starttime="20200923 17:21:19.241" endtime="20200923 17:21:19.325"></status>
</kw>
<status status="PASS" starttime="20200923 17:21:18.630" endtime="20200923 17:21:19.325"></status>
</kw>
<kw name="Devo ver um toaster com a mensagem" library="kws">
<arguments>
<arg>O campo senha é obrigatório!</arg>
</arguments>
<kw name="Wait Until Element Contains" library="SeleniumLibrary">
<doc>Waits until the element ``locator`` contains ``text``.</doc>
<arguments>
<arg>xpath://*[@id="root"]/div[2]/div/div/p</arg>
<arg>${expect_message}</arg>
</arguments>
<status status="PASS" starttime="20200923 17:21:19.328" endtime="20200923 17:21:19.793"></status>
</kw>
<kw name="Close Browser" library="SeleniumLibrary">
<doc>Closes the current browser.</doc>
<status status="PASS" starttime="20200923 17:21:19.793" endtime="20200923 17:21:22.009"></status>
</kw>
<status status="PASS" starttime="20200923 17:21:19.327" endtime="20200923 17:21:22.009"></status>
</kw>
<tags>
<tag>inv_login</tag>
</tags>
<status status="PASS" starttime="20200923 17:21:14.454" endtime="20200923 17:21:22.011" critical="yes"></status>
</test>
<test id="s1-s1-t3" name="Email em branco">
<kw name="Acesso a página Login" library="kws">
<kw name="Open Browser" library="SeleniumLibrary">
<doc>Opens a new browser instance to the optional ``url``.</doc>
<arguments>
<arg>http://zepalheta-web:3000/</arg>
<arg>chrome</arg>
</arguments>
<msg timestamp="20200923 17:21:22.018" level="INFO">Opening browser 'chrome' to base url 'http://zepalheta-web:3000/'.</msg>
<status status="PASS" starttime="20200923 17:21:22.018" endtime="20200923 17:21:26.544"></status>
</kw>
<status status="PASS" starttime="20200923 17:21:22.017" endtime="20200923 17:21:26.544"></status>
</kw>
<kw name="Submeto minhas credenciais" library="kws">
<arguments>
<arg>${EMPTY}</arg>
<arg>123456</arg>
</arguments>
<kw name="Input Text" library="SeleniumLibrary">
<doc>Types the given ``text`` into the text field identified by ``locator``.</doc>
<arguments>
<arg>id:txtEmail</arg>
<arg>${email}</arg>
</arguments>
<msg timestamp="20200923 17:21:26.548" level="INFO">Typing text '' into text field 'id:txtEmail'.</msg>
<status status="PASS" starttime="20200923 17:21:26.547" endtime="20200923 17:21:26.624"></status>
</kw>
<kw name="Input Text" library="SeleniumLibrary">
<doc>Types the given ``text`` into the text field identified by ``locator``.</doc>
<arguments>
<arg>css:input[placeholder=Senha]</arg>
<arg>${password}</arg>
</arguments>
<msg timestamp="20200923 17:21:26.625" level="INFO">Typing text '123456' into text field 'css:input[placeholder=Senha]'.</msg>
<status status="PASS" starttime="20200923 17:21:26.624" endtime="20200923 17:21:26.717"></status>
</kw>
<kw name="Click Element" library="SeleniumLibrary">
<doc>Click the element identified by ``locator``.</doc>
<arguments>
<arg>//button[text()='Entrar']</arg>
</arguments>
<msg timestamp="20200923 17:21:26.718" level="INFO">Clicking element '//button[text()='Entrar']'.</msg>
<status status="PASS" starttime="20200923 17:21:26.717" endtime="20200923 17:21:26.797"></status>
</kw>
<status status="PASS" starttime="20200923 17:21:26.545" endtime="20200923 17:21:26.798"></status>
</kw>
<kw name="Devo ver um toaster com a mensagem" library="kws">
<arguments>
<arg>O campo email é obrigatório!</arg>
</arguments>
<kw name="Wait Until Element Contains" library="SeleniumLibrary">
<doc>Waits until the element ``locator`` contains ``text``.</doc>
<arguments>
<arg>xpath://*[@id="root"]/div[2]/div/div/p</arg>
<arg>${expect_message}</arg>
</arguments>
<status status="PASS" starttime="20200923 17:21:26.800" endtime="20200923 17:21:27.039"></status>
</kw>
<kw name="Close Browser" library="SeleniumLibrary">
<doc>Closes the current browser.</doc>
<status status="PASS" starttime="20200923 17:21:27.039" endtime="20200923 17:21:29.217"></status>
</kw>
<status status="PASS" starttime="20200923 17:21:26.799" endtime="20200923 17:21:29.217"></status>
</kw>
<tags>
<tag>inv_login</tag>
</tags>
<status status="PASS" starttime="20200923 17:21:22.016" endtime="20200923 17:21:29.219" critical="yes"></status>
</test>
<test id="s1-s1-t4" name="Senha e Email em branco">
<kw name="Acesso a página Login" library="kws">
<kw name="Open Browser" library="SeleniumLibrary">
<doc>Opens a new browser instance to the optional ``url``.</doc>
<arguments>
<arg>http://zepalheta-web:3000/</arg>
<arg>chrome</arg>
</arguments>
<msg timestamp="20200923 17:21:29.226" level="INFO">Opening browser 'chrome' to base url 'http://zepalheta-web:3000/'.</msg>
<status status="PASS" starttime="20200923 17:21:29.226" endtime="20200923 17:21:33.240"></status>
</kw>
<status status="PASS" starttime="20200923 17:21:29.224" endtime="20200923 17:21:33.240"></status>
</kw>
<kw name="Submeto minhas credenciais" library="kws">
<arguments>
<arg>${EMPTY}</arg>
<arg>${EMPTY}</arg>
</arguments>
<kw name="Input Text" library="SeleniumLibrary">
<doc>Types the given ``text`` into the text field identified by ``locator``.</doc>
<arguments>
<arg>id:txtEmail</arg>
<arg>${email}</arg>
</arguments>
<msg timestamp="20200923 17:21:33.247" level="INFO">Typing text '' into text field 'id:txtEmail'.</msg>
<status status="PASS" starttime="20200923 17:21:33.246" endtime="20200923 17:21:33.330"></status>
</kw>
<kw name="Input Text" library="SeleniumLibrary">
<doc>Types the given ``text`` into the text field identified by ``locator``.</doc>
<arguments>
<arg>css:input[placeholder=Senha]</arg>
<arg>${password}</arg>
</arguments>
<msg timestamp="20200923 17:21:33.330" level="INFO">Typing text '' into text field 'css:input[placeholder=Senha]'.</msg>
<status status="PASS" starttime="20200923 17:21:33.330" endtime="20200923 17:21:33.735"></status>
</kw>
<kw name="Click Element" library="SeleniumLibrary">
<doc>Click the element identified by ``locator``.</doc>
<arguments>
<arg>//button[text()='Entrar']</arg>
</arguments>
<msg timestamp="20200923 17:21:33.737" level="INFO">Clicking element '//button[text()='Entrar']'.</msg>
<status status="PASS" starttime="20200923 17:21:33.736" endtime="20200923 17:21:33.807"></status>
</kw>
<status status="PASS" starttime="20200923 17:21:33.242" endtime="20200923 17:21:33.807"></status>
</kw>
<kw name="Devo ver um toaster com a mensagem" library="kws">
<arguments>
<arg>Os campos email e senha não foram preenchidos!</arg>
</arguments>
<kw name="Wait Until Element Contains" library="SeleniumLibrary">
<doc>Waits until the element ``locator`` contains ``text``.</doc>
<arguments>
<arg>xpath://*[@id="root"]/div[2]/div/div/p</arg>
<arg>${expect_message}</arg>
</arguments>
<status status="PASS" starttime="20200923 17:21:33.807" endtime="20200923 17:21:34.051"></status>
</kw>
<kw name="Close Browser" library="SeleniumLibrary">
<doc>Closes the current browser.</doc>
<status status="PASS" starttime="20200923 17:21:34.051" endtime="20200923 17:21:36.716"></status>
</kw>
<status status="PASS" starttime="20200923 17:21:33.807" endtime="20200923 17:21:36.716"></status>
</kw>
<tags>
<tag>inv_login</tag>
</tags>
<status status="PASS" starttime="20200923 17:21:29.223" endtime="20200923 17:21:36.717" critical="yes"></status>
</test>
<doc>Login</doc>
<status status="PASS" starttime="20200923 17:21:06.294" endtime="20200923 17:21:36.723"></status>
</suite>
<status status="PASS" starttime="20200923 17:21:06.259" endtime="20200923 17:21:36.738"></status>
</suite>
<statistics>
<total>
<stat pass="4" fail="0">Critical Tests</stat>
<stat pass="4" fail="0">All Tests</stat>
</total>
<tag>
<stat pass="4" fail="0">inv_login</stat>
</tag>
<suite>
<stat pass="4" fail="0" id="s1" name="Tests">Tests</stat>
<stat pass="4" fail="0" id="s1-s1" name="Login">Tests.Login</stat>
</suite>
</statistics>
<errors>
</errors>
</robot>
